{"C:\\Users\\livvy\\OneDrive\\Desktop\\Learning\\2020 Sem2\\SENG302\\team-500\\client\\src\\controllers\\activity.controller.ts": {"path":"C:\\Users\\livvy\\OneDrive\\Desktop\\Learning\\2020 Sem2\\SENG302\\team-500\\client\\src\\controllers\\activity.controller.ts","statementMap":{"0":{"start":{"line":5,"column":47},"end":{"line":5,"column":51}},"1":{"start":{"line":7,"column":2},"end":{"line":9,"column":3}},"2":{"start":{"line":8,"column":4},"end":{"line":8,"column":79}},"3":{"start":{"line":10,"column":2},"end":{"line":10,"column":33}},"4":{"start":{"line":26,"column":2},"end":{"line":28,"column":3}},"5":{"start":{"line":27,"column":4},"end":{"line":27,"column":77}},"6":{"start":{"line":29,"column":2},"end":{"line":31,"column":3}},"7":{"start":{"line":30,"column":4},"end":{"line":30,"column":50}},"8":{"start":{"line":32,"column":3},"end":{"line":50,"column":4}},"9":{"start":{"line":33,"column":5},"end":{"line":35,"column":6}},"10":{"start":{"line":34,"column":7},"end":{"line":34,"column":75}},"11":{"start":{"line":36,"column":5},"end":{"line":38,"column":5}},"12":{"start":{"line":37,"column":6},"end":{"line":37,"column":59}},"13":{"start":{"line":39,"column":5},"end":{"line":41,"column":6}},"14":{"start":{"line":40,"column":7},"end":{"line":40,"column":74}},"15":{"start":{"line":42,"column":5},"end":{"line":44,"column":6}},"16":{"start":{"line":43,"column":7},"end":{"line":43,"column":59}},"17":{"start":{"line":45,"column":5},"end":{"line":47,"column":6}},"18":{"start":{"line":46,"column":7},"end":{"line":46,"column":58}},"19":{"start":{"line":48,"column":5},"end":{"line":48,"column":67}},"20":{"start":{"line":49,"column":5},"end":{"line":49,"column":63}},"21":{"start":{"line":51,"column":2},"end":{"line":53,"column":3}},"22":{"start":{"line":52,"column":4},"end":{"line":52,"column":65}},"23":{"start":{"line":54,"column":2},"end":{"line":56,"column":3}},"24":{"start":{"line":55,"column":4},"end":{"line":55,"column":64}},"25":{"start":{"line":57,"column":2},"end":{"line":59,"column":3}},"26":{"start":{"line":58,"column":4},"end":{"line":58,"column":64}},"27":{"start":{"line":60,"column":2},"end":{"line":64,"column":3}},"28":{"start":{"line":61,"column":4},"end":{"line":61,"column":68}},"29":{"start":{"line":63,"column":4},"end":{"line":63,"column":73}},"30":{"start":{"line":74,"column":2},"end":{"line":74,"column":81}},"31":{"start":{"line":84,"column":2},"end":{"line":86,"column":3}},"32":{"start":{"line":85,"column":4},"end":{"line":85,"column":44}},"33":{"start":{"line":87,"column":2},"end":{"line":89,"column":3}},"34":{"start":{"line":88,"column":4},"end":{"line":88,"column":71}},"35":{"start":{"line":90,"column":2},"end":{"line":92,"column":3}},"36":{"start":{"line":91,"column":4},"end":{"line":91,"column":67}},"37":{"start":{"line":93,"column":2},"end":{"line":93,"column":57}},"38":{"start":{"line":103,"column":2},"end":{"line":105,"column":3}},"39":{"start":{"line":104,"column":4},"end":{"line":104,"column":45}},"40":{"start":{"line":107,"column":2},"end":{"line":109,"column":3}},"41":{"start":{"line":108,"column":4},"end":{"line":108,"column":63}},"42":{"start":{"line":110,"column":2},"end":{"line":114,"column":3}},"43":{"start":{"line":110,"column":15},"end":{"line":110,"column":16}},"44":{"start":{"line":111,"column":4},"end":{"line":113,"column":5}},"45":{"start":{"line":112,"column":6},"end":{"line":112,"column":55}},"46":{"start":{"line":126,"column":2},"end":{"line":126,"column":48}},"47":{"start":{"line":135,"column":13},"end":{"line":135,"column":33}},"48":{"start":{"line":136,"column":2},"end":{"line":136,"column":45}},"49":{"start":{"line":145,"column":13},"end":{"line":145,"column":33}},"50":{"start":{"line":146,"column":2},"end":{"line":146,"column":46}},"51":{"start":{"line":156,"column":2},"end":{"line":156,"column":48}},"52":{"start":{"line":166,"column":2},"end":{"line":168,"column":3}},"53":{"start":{"line":167,"column":4},"end":{"line":167,"column":25}},"54":{"start":{"line":169,"column":13},"end":{"line":169,"column":33}},"55":{"start":{"line":170,"column":15},"end":{"line":170,"column":40}},"56":{"start":{"line":171,"column":14},"end":{"line":171,"column":37}},"57":{"start":{"line":172,"column":16},"end":{"line":172,"column":27}},"58":{"start":{"line":173,"column":21},"end":{"line":173,"column":39}},"59":{"start":{"line":174,"column":19},"end":{"line":174,"column":35}},"60":{"start":{"line":175,"column":2},"end":{"line":177,"column":3}},"61":{"start":{"line":176,"column":4},"end":{"line":176,"column":24}},"62":{"start":{"line":178,"column":2},"end":{"line":180,"column":3}},"63":{"start":{"line":179,"column":4},"end":{"line":179,"column":22}},"64":{"start":{"line":181,"column":21},"end":{"line":181,"column":46}},"65":{"start":{"line":182,"column":2},"end":{"line":184,"column":3}},"66":{"start":{"line":183,"column":4},"end":{"line":183,"column":37}},"67":{"start":{"line":185,"column":2},"end":{"line":185,"column":62}},"68":{"start":{"line":188,"column":45},"end":{"line":188,"column":96}},"69":{"start":{"line":195,"column":2},"end":{"line":197,"column":3}},"70":{"start":{"line":196,"column":4},"end":{"line":196,"column":17}},"71":{"start":{"line":198,"column":2},"end":{"line":202,"column":3}},"72":{"start":{"line":199,"column":4},"end":{"line":199,"column":16}},"73":{"start":{"line":201,"column":4},"end":{"line":201,"column":17}},"74":{"start":{"line":205,"column":43},"end":{"line":205,"column":86}},"75":{"start":{"line":207,"column":2},"end":{"line":211,"column":3}},"76":{"start":{"line":208,"column":4},"end":{"line":208,"column":16}},"77":{"start":{"line":210,"column":4},"end":{"line":210,"column":17}},"78":{"start":{"line":214,"column":37},"end":{"line":214,"column":66}},"79":{"start":{"line":216,"column":2},"end":{"line":218,"column":3}},"80":{"start":{"line":217,"column":4},"end":{"line":217,"column":45}},"81":{"start":{"line":219,"column":2},"end":{"line":219,"column":67}},"82":{"start":{"line":231,"column":2},"end":{"line":231,"column":64}},"83":{"start":{"line":239,"column":2},"end":{"line":239,"column":57}},"84":{"start":{"line":242,"column":36},"end":{"line":242,"column":83}},"85":{"start":{"line":250,"column":14},"end":{"line":250,"column":34}},"86":{"start":{"line":251,"column":13},"end":{"line":251,"column":43}},"87":{"start":{"line":252,"column":2},"end":{"line":256,"column":3}},"88":{"start":{"line":253,"column":4},"end":{"line":253,"column":16}},"89":{"start":{"line":255,"column":4},"end":{"line":255,"column":17}},"90":{"start":{"line":264,"column":18},"end":{"line":264,"column":39}},"91":{"start":{"line":265,"column":2},"end":{"line":267,"column":3}},"92":{"start":{"line":266,"column":4},"end":{"line":266,"column":17}},"93":{"start":{"line":268,"column":10},"end":{"line":268,"column":30}},"94":{"start":{"line":269,"column":13},"end":{"line":269,"column":24}},"95":{"start":{"line":270,"column":2},"end":{"line":272,"column":3}},"96":{"start":{"line":271,"column":4},"end":{"line":271,"column":17}},"97":{"start":{"line":273,"column":2},"end":{"line":273,"column":52}},"98":{"start":{"line":284,"column":2},"end":{"line":284,"column":62}},"99":{"start":{"line":293,"column":14},"end":{"line":293,"column":33}},"100":{"start":{"line":294,"column":12},"end":{"line":294,"column":29}},"101":{"start":{"line":295,"column":14},"end":{"line":297,"column":4}},"102":{"start":{"line":298,"column":2},"end":{"line":298,"column":72}},"103":{"start":{"line":301,"column":42},"end":{"line":301,"column":86}},"104":{"start":{"line":307,"column":2},"end":{"line":311,"column":3}},"105":{"start":{"line":308,"column":4},"end":{"line":308,"column":17}},"106":{"start":{"line":310,"column":4},"end":{"line":310,"column":16}},"107":{"start":{"line":314,"column":40},"end":{"line":314,"column":100}},"108":{"start":{"line":317,"column":16},"end":{"line":317,"column":49}},"109":{"start":{"line":318,"column":18},"end":{"line":318,"column":53}},"110":{"start":{"line":319,"column":2},"end":{"line":323,"column":3}},"111":{"start":{"line":320,"column":4},"end":{"line":320,"column":16}},"112":{"start":{"line":322,"column":4},"end":{"line":322,"column":16}},"113":{"start":{"line":326,"column":36},"end":{"line":326,"column":63}},"114":{"start":{"line":332,"column":18},"end":{"line":332,"column":43}},"115":{"start":{"line":333,"column":2},"end":{"line":337,"column":3}},"116":{"start":{"line":334,"column":4},"end":{"line":334,"column":16}},"117":{"start":{"line":336,"column":4},"end":{"line":336,"column":17}},"118":{"start":{"line":346,"column":27},"end":{"line":346,"column":89}},"119":{"start":{"line":346,"column":59},"end":{"line":346,"column":88}},"120":{"start":{"line":347,"column":2},"end":{"line":347,"column":28}},"121":{"start":{"line":356,"column":29},"end":{"line":356,"column":90}},"122":{"start":{"line":356,"column":61},"end":{"line":356,"column":89}},"123":{"start":{"line":357,"column":2},"end":{"line":357,"column":30}}},"fnMap":{"0":{"name":"getAvailableActivityTypes","decl":{"start":{"line":6,"column":22},"end":{"line":6,"column":47}},"loc":{"start":{"line":6,"column":63},"end":{"line":11,"column":1}},"line":6},"1":{"name":"validateNewActivity","decl":{"start":{"line":24,"column":22},"end":{"line":24,"column":41}},"loc":{"start":{"line":25,"column":121},"end":{"line":65,"column":1}},"line":25},"2":{"name":"editActivity","decl":{"start":{"line":73,"column":22},"end":{"line":73,"column":34}},"loc":{"start":{"line":73,"column":120},"end":{"line":75,"column":1}},"line":73},"3":{"name":"addActivityType","decl":{"start":{"line":83,"column":22},"end":{"line":83,"column":37}},"loc":{"start":{"line":83,"column":106},"end":{"line":94,"column":1}},"line":83},"4":{"name":"removeActivityType","decl":{"start":{"line":101,"column":16},"end":{"line":101,"column":34}},"loc":{"start":{"line":101,"column":103},"end":{"line":117,"column":1}},"line":101},"5":{"name":"setStartDate","decl":{"start":{"line":125,"column":16},"end":{"line":125,"column":28}},"loc":{"start":{"line":125,"column":63},"end":{"line":127,"column":1}},"line":125},"6":{"name":"getDateFromISO","decl":{"start":{"line":134,"column":16},"end":{"line":134,"column":30}},"loc":{"start":{"line":134,"column":59},"end":{"line":137,"column":1}},"line":134},"7":{"name":"getTimeFromISO","decl":{"start":{"line":144,"column":16},"end":{"line":144,"column":30}},"loc":{"start":{"line":144,"column":59},"end":{"line":147,"column":1}},"line":144},"8":{"name":"setEndDate","decl":{"start":{"line":155,"column":16},"end":{"line":155,"column":26}},"loc":{"start":{"line":155,"column":61},"end":{"line":157,"column":1}},"line":155},"9":{"name":"getApiDateTimeString","decl":{"start":{"line":165,"column":16},"end":{"line":165,"column":36}},"loc":{"start":{"line":165,"column":77},"end":{"line":186,"column":1}},"line":165},"10":{"name":"validateActivityName","decl":{"start":{"line":194,"column":16},"end":{"line":194,"column":36}},"loc":{"start":{"line":194,"column":80},"end":{"line":203,"column":1}},"line":194},"11":{"name":"validateDescription","decl":{"start":{"line":206,"column":16},"end":{"line":206,"column":35}},"loc":{"start":{"line":206,"column":86},"end":{"line":212,"column":1}},"line":206},"12":{"name":"validateActivityType","decl":{"start":{"line":215,"column":16},"end":{"line":215,"column":36}},"loc":{"start":{"line":215,"column":114},"end":{"line":220,"column":1}},"line":215},"13":{"name":"deleteActivity","decl":{"start":{"line":230,"column":22},"end":{"line":230,"column":36}},"loc":{"start":{"line":230,"column":76},"end":{"line":232,"column":1}},"line":230},"14":{"name":"getActivitiesByCreator","decl":{"start":{"line":238,"column":22},"end":{"line":238,"column":44}},"loc":{"start":{"line":238,"column":64},"end":{"line":240,"column":1}},"line":238},"15":{"name":"isFutureDate","decl":{"start":{"line":249,"column":16},"end":{"line":249,"column":28}},"loc":{"start":{"line":249,"column":58},"end":{"line":257,"column":1}},"line":249},"16":{"name":"isValidDate","decl":{"start":{"line":263,"column":16},"end":{"line":263,"column":27}},"loc":{"start":{"line":263,"column":48},"end":{"line":274,"column":1}},"line":263},"17":{"name":"getActivityById","decl":{"start":{"line":283,"column":22},"end":{"line":283,"column":37}},"loc":{"start":{"line":283,"column":77},"end":{"line":285,"column":1}},"line":283},"18":{"name":"describeDurationTimeFrame","decl":{"start":{"line":292,"column":16},"end":{"line":292,"column":41}},"loc":{"start":{"line":292,"column":78},"end":{"line":299,"column":1}},"line":292},"19":{"name":"hasTimeFrame","decl":{"start":{"line":306,"column":16},"end":{"line":306,"column":28}},"loc":{"start":{"line":306,"column":70},"end":{"line":312,"column":1}},"line":306},"20":{"name":"isValidEndDate","decl":{"start":{"line":315,"column":16},"end":{"line":315,"column":30}},"loc":{"start":{"line":316,"column":0},"end":{"line":324,"column":1}},"line":316},"21":{"name":"isValidTime","decl":{"start":{"line":331,"column":16},"end":{"line":331,"column":27}},"loc":{"start":{"line":331,"column":57},"end":{"line":338,"column":1}},"line":331},"22":{"name":"getDurationActivities","decl":{"start":{"line":345,"column":16},"end":{"line":345,"column":37}},"loc":{"start":{"line":345,"column":102},"end":{"line":348,"column":1}},"line":345},"23":{"name":"(anonymous_23)","decl":{"start":{"line":346,"column":47},"end":{"line":346,"column":48}},"loc":{"start":{"line":346,"column":59},"end":{"line":346,"column":88}},"line":346},"24":{"name":"getContinuousActivities","decl":{"start":{"line":355,"column":16},"end":{"line":355,"column":39}},"loc":{"start":{"line":355,"column":104},"end":{"line":358,"column":1}},"line":355},"25":{"name":"(anonymous_25)","decl":{"start":{"line":356,"column":49},"end":{"line":356,"column":50}},"loc":{"start":{"line":356,"column":61},"end":{"line":356,"column":89}},"line":356}},"branchMap":{"0":{"loc":{"start":{"line":6,"column":48},"end":{"line":6,"column":61}},"type":"default-arg","locations":[{"start":{"line":6,"column":56},"end":{"line":6,"column":61}}],"line":6},"1":{"loc":{"start":{"line":7,"column":2},"end":{"line":9,"column":3}},"type":"if","locations":[{"start":{"line":7,"column":2},"end":{"line":9,"column":3}},{"start":{"line":7,"column":2},"end":{"line":9,"column":3}}],"line":7},"2":{"loc":{"start":{"line":7,"column":6},"end":{"line":7,"column":47}},"type":"binary-expr","locations":[{"start":{"line":7,"column":6},"end":{"line":7,"column":38}},{"start":{"line":7,"column":42},"end":{"line":7,"column":47}}],"line":7},"3":{"loc":{"start":{"line":26,"column":2},"end":{"line":28,"column":3}},"type":"if","locations":[{"start":{"line":26,"column":2},"end":{"line":28,"column":3}},{"start":{"line":26,"column":2},"end":{"line":28,"column":3}}],"line":26},"4":{"loc":{"start":{"line":29,"column":2},"end":{"line":31,"column":3}},"type":"if","locations":[{"start":{"line":29,"column":2},"end":{"line":31,"column":3}},{"start":{"line":29,"column":2},"end":{"line":31,"column":3}}],"line":29},"5":{"loc":{"start":{"line":32,"column":3},"end":{"line":50,"column":4}},"type":"if","locations":[{"start":{"line":32,"column":3},"end":{"line":50,"column":4}},{"start":{"line":32,"column":3},"end":{"line":50,"column":4}}],"line":32},"6":{"loc":{"start":{"line":33,"column":5},"end":{"line":35,"column":6}},"type":"if","locations":[{"start":{"line":33,"column":5},"end":{"line":35,"column":6}},{"start":{"line":33,"column":5},"end":{"line":35,"column":6}}],"line":33},"7":{"loc":{"start":{"line":33,"column":9},"end":{"line":33,"column":44}},"type":"binary-expr","locations":[{"start":{"line":33,"column":9},"end":{"line":33,"column":21}},{"start":{"line":33,"column":25},"end":{"line":33,"column":44}}],"line":33},"8":{"loc":{"start":{"line":36,"column":5},"end":{"line":38,"column":5}},"type":"if","locations":[{"start":{"line":36,"column":5},"end":{"line":38,"column":5}},{"start":{"line":36,"column":5},"end":{"line":38,"column":5}}],"line":36},"9":{"loc":{"start":{"line":36,"column":9},"end":{"line":36,"column":44}},"type":"binary-expr","locations":[{"start":{"line":36,"column":9},"end":{"line":36,"column":28}},{"start":{"line":36,"column":32},"end":{"line":36,"column":44}}],"line":36},"10":{"loc":{"start":{"line":39,"column":5},"end":{"line":41,"column":6}},"type":"if","locations":[{"start":{"line":39,"column":5},"end":{"line":41,"column":6}},{"start":{"line":39,"column":5},"end":{"line":41,"column":6}}],"line":39},"11":{"loc":{"start":{"line":39,"column":9},"end":{"line":39,"column":44}},"type":"binary-expr","locations":[{"start":{"line":39,"column":9},"end":{"line":39,"column":21}},{"start":{"line":39,"column":25},"end":{"line":39,"column":44}}],"line":39},"12":{"loc":{"start":{"line":42,"column":5},"end":{"line":44,"column":6}},"type":"if","locations":[{"start":{"line":42,"column":5},"end":{"line":44,"column":6}},{"start":{"line":42,"column":5},"end":{"line":44,"column":6}}],"line":42},"13":{"loc":{"start":{"line":45,"column":5},"end":{"line":47,"column":6}},"type":"if","locations":[{"start":{"line":45,"column":5},"end":{"line":47,"column":6}},{"start":{"line":45,"column":5},"end":{"line":47,"column":6}}],"line":45},"14":{"loc":{"start":{"line":45,"column":9},"end":{"line":45,"column":43}},"type":"binary-expr","locations":[{"start":{"line":45,"column":9},"end":{"line":45,"column":28}},{"start":{"line":45,"column":32},"end":{"line":45,"column":43}}],"line":45},"15":{"loc":{"start":{"line":51,"column":2},"end":{"line":53,"column":3}},"type":"if","locations":[{"start":{"line":51,"column":2},"end":{"line":53,"column":3}},{"start":{"line":51,"column":2},"end":{"line":53,"column":3}}],"line":51},"16":{"loc":{"start":{"line":54,"column":2},"end":{"line":56,"column":3}},"type":"if","locations":[{"start":{"line":54,"column":2},"end":{"line":56,"column":3}},{"start":{"line":54,"column":2},"end":{"line":56,"column":3}}],"line":54},"17":{"loc":{"start":{"line":57,"column":2},"end":{"line":59,"column":3}},"type":"if","locations":[{"start":{"line":57,"column":2},"end":{"line":59,"column":3}},{"start":{"line":57,"column":2},"end":{"line":59,"column":3}}],"line":57},"18":{"loc":{"start":{"line":57,"column":6},"end":{"line":57,"column":101}},"type":"binary-expr","locations":[{"start":{"line":57,"column":6},"end":{"line":57,"column":48}},{"start":{"line":57,"column":52},"end":{"line":57,"column":101}}],"line":57},"19":{"loc":{"start":{"line":60,"column":2},"end":{"line":64,"column":3}},"type":"if","locations":[{"start":{"line":60,"column":2},"end":{"line":64,"column":3}},{"start":{"line":60,"column":2},"end":{"line":64,"column":3}}],"line":60},"20":{"loc":{"start":{"line":60,"column":6},"end":{"line":60,"column":43}},"type":"binary-expr","locations":[{"start":{"line":60,"column":6},"end":{"line":60,"column":15}},{"start":{"line":60,"column":19},"end":{"line":60,"column":43}}],"line":60},"21":{"loc":{"start":{"line":84,"column":2},"end":{"line":86,"column":3}},"type":"if","locations":[{"start":{"line":84,"column":2},"end":{"line":86,"column":3}},{"start":{"line":84,"column":2},"end":{"line":86,"column":3}}],"line":84},"22":{"loc":{"start":{"line":87,"column":2},"end":{"line":89,"column":3}},"type":"if","locations":[{"start":{"line":87,"column":2},"end":{"line":89,"column":3}},{"start":{"line":87,"column":2},"end":{"line":89,"column":3}}],"line":87},"23":{"loc":{"start":{"line":90,"column":2},"end":{"line":92,"column":3}},"type":"if","locations":[{"start":{"line":90,"column":2},"end":{"line":92,"column":3}},{"start":{"line":90,"column":2},"end":{"line":92,"column":3}}],"line":90},"24":{"loc":{"start":{"line":103,"column":2},"end":{"line":105,"column":3}},"type":"if","locations":[{"start":{"line":103,"column":2},"end":{"line":105,"column":3}},{"start":{"line":103,"column":2},"end":{"line":105,"column":3}}],"line":103},"25":{"loc":{"start":{"line":107,"column":2},"end":{"line":109,"column":3}},"type":"if","locations":[{"start":{"line":107,"column":2},"end":{"line":109,"column":3}},{"start":{"line":107,"column":2},"end":{"line":109,"column":3}}],"line":107},"26":{"loc":{"start":{"line":111,"column":4},"end":{"line":113,"column":5}},"type":"if","locations":[{"start":{"line":111,"column":4},"end":{"line":113,"column":5}},{"start":{"line":111,"column":4},"end":{"line":113,"column":5}}],"line":111},"27":{"loc":{"start":{"line":166,"column":2},"end":{"line":168,"column":3}},"type":"if","locations":[{"start":{"line":166,"column":2},"end":{"line":168,"column":3}},{"start":{"line":166,"column":2},"end":{"line":168,"column":3}}],"line":166},"28":{"loc":{"start":{"line":166,"column":6},"end":{"line":166,"column":51}},"type":"binary-expr","locations":[{"start":{"line":166,"column":6},"end":{"line":166,"column":23}},{"start":{"line":166,"column":27},"end":{"line":166,"column":51}}],"line":166},"29":{"loc":{"start":{"line":175,"column":2},"end":{"line":177,"column":3}},"type":"if","locations":[{"start":{"line":175,"column":2},"end":{"line":177,"column":3}},{"start":{"line":175,"column":2},"end":{"line":177,"column":3}}],"line":175},"30":{"loc":{"start":{"line":178,"column":2},"end":{"line":180,"column":3}},"type":"if","locations":[{"start":{"line":178,"column":2},"end":{"line":180,"column":3}},{"start":{"line":178,"column":2},"end":{"line":180,"column":3}}],"line":178},"31":{"loc":{"start":{"line":182,"column":2},"end":{"line":184,"column":3}},"type":"if","locations":[{"start":{"line":182,"column":2},"end":{"line":184,"column":3}},{"start":{"line":182,"column":2},"end":{"line":184,"column":3}}],"line":182},"32":{"loc":{"start":{"line":195,"column":2},"end":{"line":197,"column":3}},"type":"if","locations":[{"start":{"line":195,"column":2},"end":{"line":197,"column":3}},{"start":{"line":195,"column":2},"end":{"line":197,"column":3}}],"line":195},"33":{"loc":{"start":{"line":198,"column":2},"end":{"line":202,"column":3}},"type":"if","locations":[{"start":{"line":198,"column":2},"end":{"line":202,"column":3}},{"start":{"line":198,"column":2},"end":{"line":202,"column":3}}],"line":198},"34":{"loc":{"start":{"line":198,"column":6},"end":{"line":198,"column":59}},"type":"binary-expr","locations":[{"start":{"line":198,"column":6},"end":{"line":198,"column":30}},{"start":{"line":198,"column":34},"end":{"line":198,"column":59}}],"line":198},"35":{"loc":{"start":{"line":207,"column":2},"end":{"line":211,"column":3}},"type":"if","locations":[{"start":{"line":207,"column":2},"end":{"line":211,"column":3}},{"start":{"line":207,"column":2},"end":{"line":211,"column":3}}],"line":207},"36":{"loc":{"start":{"line":207,"column":6},"end":{"line":207,"column":74}},"type":"binary-expr","locations":[{"start":{"line":207,"column":6},"end":{"line":207,"column":39}},{"start":{"line":207,"column":43},"end":{"line":207,"column":74}}],"line":207},"37":{"loc":{"start":{"line":216,"column":2},"end":{"line":218,"column":3}},"type":"if","locations":[{"start":{"line":216,"column":2},"end":{"line":218,"column":3}},{"start":{"line":216,"column":2},"end":{"line":218,"column":3}}],"line":216},"38":{"loc":{"start":{"line":252,"column":2},"end":{"line":256,"column":3}},"type":"if","locations":[{"start":{"line":252,"column":2},"end":{"line":256,"column":3}},{"start":{"line":252,"column":2},"end":{"line":256,"column":3}}],"line":252},"39":{"loc":{"start":{"line":265,"column":2},"end":{"line":267,"column":3}},"type":"if","locations":[{"start":{"line":265,"column":2},"end":{"line":267,"column":3}},{"start":{"line":265,"column":2},"end":{"line":267,"column":3}}],"line":265},"40":{"loc":{"start":{"line":270,"column":2},"end":{"line":272,"column":3}},"type":"if","locations":[{"start":{"line":270,"column":2},"end":{"line":272,"column":3}},{"start":{"line":270,"column":2},"end":{"line":272,"column":3}}],"line":270},"41":{"loc":{"start":{"line":270,"column":5},"end":{"line":270,"column":24}},"type":"binary-expr","locations":[{"start":{"line":270,"column":5},"end":{"line":270,"column":10}},{"start":{"line":270,"column":14},"end":{"line":270,"column":24}}],"line":270},"42":{"loc":{"start":{"line":307,"column":2},"end":{"line":311,"column":3}},"type":"if","locations":[{"start":{"line":307,"column":2},"end":{"line":311,"column":3}},{"start":{"line":307,"column":2},"end":{"line":311,"column":3}}],"line":307},"43":{"loc":{"start":{"line":319,"column":2},"end":{"line":323,"column":3}},"type":"if","locations":[{"start":{"line":319,"column":2},"end":{"line":323,"column":3}},{"start":{"line":319,"column":2},"end":{"line":323,"column":3}}],"line":319},"44":{"loc":{"start":{"line":333,"column":2},"end":{"line":337,"column":3}},"type":"if","locations":[{"start":{"line":333,"column":2},"end":{"line":337,"column":3}},{"start":{"line":333,"column":2},"end":{"line":337,"column":3}}],"line":333}},"s":{"0":2,"1":21,"2":2,"3":21,"4":0,"5":0,"6":0,"7":0,"8":0,"9":0,"10":0,"11":0,"12":0,"13":0,"14":0,"15":0,"16":0,"17":0,"18":0,"19":0,"20":0,"21":0,"22":0,"23":0,"24":0,"25":0,"26":0,"27":0,"28":0,"29":0,"30":0,"31":11,"32":8,"33":11,"34":3,"35":8,"36":4,"37":4,"38":6,"39":3,"40":6,"41":3,"42":3,"43":3,"44":3,"45":3,"46":3,"47":2,"48":2,"49":0,"50":0,"51":3,"52":9,"53":3,"54":9,"55":9,"56":9,"57":9,"58":9,"59":9,"60":9,"61":9,"62":9,"63":0,"64":9,"65":9,"66":9,"67":9,"68":2,"69":7,"70":0,"71":7,"72":3,"73":4,"74":2,"75":10,"76":4,"77":6,"78":2,"79":0,"80":0,"81":0,"82":0,"83":0,"84":2,"85":4,"86":4,"87":4,"88":2,"89":2,"90":6,"91":6,"92":4,"93":2,"94":2,"95":2,"96":0,"97":2,"98":0,"99":0,"100":0,"101":0,"102":0,"103":2,"104":3,"105":1,"106":2,"107":2,"108":4,"109":4,"110":4,"111":2,"112":2,"113":2,"114":6,"115":6,"116":3,"117":3,"118":1,"119":2,"120":1,"121":1,"122":2,"123":1},"f":{"0":21,"1":0,"2":0,"3":11,"4":6,"5":3,"6":2,"7":0,"8":3,"9":9,"10":7,"11":10,"12":0,"13":0,"14":0,"15":4,"16":6,"17":0,"18":0,"19":3,"20":4,"21":6,"22":1,"23":2,"24":1,"25":2},"b":{"0":[21],"1":[2,19],"2":[21,19],"3":[0,0],"4":[0,0],"5":[0,0],"6":[0,0],"7":[0,0],"8":[0,0],"9":[0,0],"10":[0,0],"11":[0,0],"12":[0,0],"13":[0,0],"14":[0,0],"15":[0,0],"16":[0,0],"17":[0,0],"18":[0,0],"19":[0,0],"20":[0,0],"21":[8,3],"22":[3,8],"23":[4,4],"24":[3,3],"25":[3,3],"26":[3,0],"27":[3,6],"28":[9,6],"29":[9,0],"30":[0,9],"31":[9,0],"32":[0,7],"33":[3,4],"34":[7,5],"35":[4,6],"36":[10,9],"37":[0,0],"38":[2,2],"39":[4,2],"40":[0,2],"41":[2,0],"42":[1,2],"43":[2,2],"44":[3,3]},"_coverageSchema":"1a1c01bbd47fc00a2c39e90264f33305004495a9","hash":"924977c2aaa14d48299049e1124ea6e2f090b335"}
,"C:\\Users\\livvy\\OneDrive\\Desktop\\Learning\\2020 Sem2\\SENG302\\team-500\\client\\src\\controllers\\login.controller.ts": {"path":"C:\\Users\\livvy\\OneDrive\\Desktop\\Learning\\2020 Sem2\\SENG302\\team-500\\client\\src\\controllers\\login.controller.ts","statementMap":{"0":{"start":{"line":9,"column":4},"end":{"line":9,"column":51}}},"fnMap":{"0":{"name":"submitForm","decl":{"start":{"line":8,"column":22},"end":{"line":8,"column":32}},"loc":{"start":{"line":8,"column":58},"end":{"line":10,"column":1}},"line":8}},"branchMap":{},"s":{"0":1},"f":{"0":1},"b":{},"_coverageSchema":"1a1c01bbd47fc00a2c39e90264f33305004495a9","hash":"4002315ec256abf6b4f126c6c4b521a61c8c52ce"}
,"C:\\Users\\livvy\\OneDrive\\Desktop\\Learning\\2020 Sem2\\SENG302\\team-500\\client\\src\\controllers\\profile.controller.ts": {"path":"C:\\Users\\livvy\\OneDrive\\Desktop\\Learning\\2020 Sem2\\SENG302\\team-500\\client\\src\\controllers\\profile.controller.ts","statementMap":{"0":{"start":{"line":10,"column":20},"end":{"line":10,"column":39}},"1":{"start":{"line":13,"column":4},"end":{"line":13,"column":24}},"2":{"start":{"line":14,"column":4},"end":{"line":14,"column":24}},"3":{"start":{"line":24,"column":4},"end":{"line":27,"column":5}},"4":{"start":{"line":25,"column":55},"end":{"line":25,"column":84}},"5":{"start":{"line":26,"column":8},"end":{"line":26,"column":79}},"6":{"start":{"line":26,"column":65},"end":{"line":26,"column":77}},"7":{"start":{"line":28,"column":4},"end":{"line":28,"column":33}},"8":{"start":{"line":39,"column":4},"end":{"line":41,"column":5}},"9":{"start":{"line":40,"column":8},"end":{"line":40,"column":19}},"10":{"start":{"line":42,"column":4},"end":{"line":50,"column":5}},"11":{"start":{"line":43,"column":77},"end":{"line":43,"column":114}},"12":{"start":{"line":44,"column":8},"end":{"line":48,"column":9}},"13":{"start":{"line":44,"column":19},"end":{"line":44,"column":20}},"14":{"start":{"line":45,"column":12},"end":{"line":47,"column":13}},"15":{"start":{"line":46,"column":16},"end":{"line":46,"column":28}},"16":{"start":{"line":51,"column":4},"end":{"line":51,"column":17}},"17":{"start":{"line":62,"column":4},"end":{"line":64,"column":5}},"18":{"start":{"line":63,"column":8},"end":{"line":63,"column":30}},"19":{"start":{"line":65,"column":4},"end":{"line":67,"column":5}},"20":{"start":{"line":66,"column":8},"end":{"line":66,"column":72}},"21":{"start":{"line":68,"column":4},"end":{"line":70,"column":5}},"22":{"start":{"line":69,"column":8},"end":{"line":69,"column":94}},"23":{"start":{"line":72,"column":4},"end":{"line":72,"column":40}},"24":{"start":{"line":83,"column":4},"end":{"line":85,"column":5}},"25":{"start":{"line":84,"column":8},"end":{"line":84,"column":30}},"26":{"start":{"line":87,"column":4},"end":{"line":89,"column":5}},"27":{"start":{"line":88,"column":8},"end":{"line":88,"column":83}},"28":{"start":{"line":91,"column":4},"end":{"line":91,"column":72}},"29":{"start":{"line":101,"column":4},"end":{"line":103,"column":5}},"30":{"start":{"line":102,"column":8},"end":{"line":102,"column":31}},"31":{"start":{"line":104,"column":4},"end":{"line":106,"column":5}},"32":{"start":{"line":105,"column":8},"end":{"line":105,"column":80}},"33":{"start":{"line":107,"column":4},"end":{"line":109,"column":5}},"34":{"start":{"line":108,"column":8},"end":{"line":108,"column":88}},"35":{"start":{"line":111,"column":4},"end":{"line":111,"column":42}},"36":{"start":{"line":122,"column":4},"end":{"line":124,"column":5}},"37":{"start":{"line":123,"column":8},"end":{"line":123,"column":31}},"38":{"start":{"line":126,"column":4},"end":{"line":128,"column":5}},"39":{"start":{"line":127,"column":8},"end":{"line":127,"column":77}},"40":{"start":{"line":130,"column":4},"end":{"line":130,"column":75}},"41":{"start":{"line":136,"column":39},"end":{"line":136,"column":43}},"42":{"start":{"line":143,"column":4},"end":{"line":148,"column":5}},"43":{"start":{"line":144,"column":8},"end":{"line":144,"column":46}},"44":{"start":{"line":145,"column":8},"end":{"line":147,"column":9}},"45":{"start":{"line":146,"column":12},"end":{"line":146,"column":52}},"46":{"start":{"line":149,"column":4},"end":{"line":149,"column":24}},"47":{"start":{"line":157,"column":4},"end":{"line":157,"column":43}},"48":{"start":{"line":161,"column":4},"end":{"line":161,"column":39}},"49":{"start":{"line":166,"column":4},"end":{"line":168,"column":5}},"50":{"start":{"line":167,"column":8},"end":{"line":167,"column":69}},"51":{"start":{"line":169,"column":4},"end":{"line":171,"column":5}},"52":{"start":{"line":170,"column":8},"end":{"line":170,"column":73}},"53":{"start":{"line":172,"column":4},"end":{"line":172,"column":85}},"54":{"start":{"line":184,"column":4},"end":{"line":184,"column":29}},"55":{"start":{"line":185,"column":4},"end":{"line":185,"column":33}},"56":{"start":{"line":186,"column":15},"end":{"line":186,"column":46}},"57":{"start":{"line":187,"column":4},"end":{"line":189,"column":5}},"58":{"start":{"line":188,"column":8},"end":{"line":188,"column":42}},"59":{"start":{"line":191,"column":4},"end":{"line":193,"column":5}},"60":{"start":{"line":192,"column":8},"end":{"line":192,"column":65}},"61":{"start":{"line":194,"column":4},"end":{"line":200,"column":5}},"62":{"start":{"line":194,"column":17},"end":{"line":194,"column":18}},"63":{"start":{"line":195,"column":8},"end":{"line":195,"column":40}},"64":{"start":{"line":196,"column":8},"end":{"line":196,"column":37}},"65":{"start":{"line":197,"column":8},"end":{"line":199,"column":9}},"66":{"start":{"line":198,"column":12},"end":{"line":198,"column":68}},"67":{"start":{"line":202,"column":4},"end":{"line":204,"column":5}},"68":{"start":{"line":203,"column":8},"end":{"line":203,"column":72}},"69":{"start":{"line":206,"column":4},"end":{"line":206,"column":66}},"70":{"start":{"line":214,"column":15},"end":{"line":214,"column":46}},"71":{"start":{"line":215,"column":4},"end":{"line":217,"column":5}},"72":{"start":{"line":216,"column":8},"end":{"line":216,"column":49}},"73":{"start":{"line":218,"column":4},"end":{"line":222,"column":7}},"74":{"start":{"line":219,"column":8},"end":{"line":219,"column":41}},"75":{"start":{"line":221,"column":8},"end":{"line":221,"column":43}},"76":{"start":{"line":223,"column":4},"end":{"line":223,"column":45}},"77":{"start":{"line":231,"column":15},"end":{"line":231,"column":46}},"78":{"start":{"line":232,"column":4},"end":{"line":234,"column":5}},"79":{"start":{"line":233,"column":8},"end":{"line":233,"column":49}},"80":{"start":{"line":235,"column":4},"end":{"line":237,"column":5}},"81":{"start":{"line":236,"column":8},"end":{"line":236,"column":85}},"82":{"start":{"line":239,"column":16},"end":{"line":239,"column":53}},"83":{"start":{"line":240,"column":4},"end":{"line":244,"column":5}},"84":{"start":{"line":241,"column":6},"end":{"line":241,"column":73}},"85":{"start":{"line":243,"column":6},"end":{"line":243,"column":39}},"86":{"start":{"line":245,"column":4},"end":{"line":245,"column":45}},"87":{"start":{"line":253,"column":4},"end":{"line":270,"column":5}},"88":{"start":{"line":254,"column":19},"end":{"line":254,"column":47}},"89":{"start":{"line":255,"column":20},"end":{"line":255,"column":49}},"90":{"start":{"line":256,"column":22},"end":{"line":256,"column":53}},"91":{"start":{"line":258,"column":8},"end":{"line":262,"column":9}},"92":{"start":{"line":259,"column":12},"end":{"line":259,"column":43}},"93":{"start":{"line":261,"column":12},"end":{"line":261,"column":52}},"94":{"start":{"line":263,"column":8},"end":{"line":269,"column":9}},"95":{"start":{"line":264,"column":12},"end":{"line":264,"column":53}},"96":{"start":{"line":266,"column":15},"end":{"line":269,"column":9}},"97":{"start":{"line":267,"column":51},"end":{"line":267,"column":73}},"98":{"start":{"line":268,"column":12},"end":{"line":268,"column":52}},"99":{"start":{"line":271,"column":4},"end":{"line":279,"column":5}},"100":{"start":{"line":272,"column":8},"end":{"line":274,"column":9}},"101":{"start":{"line":273,"column":12},"end":{"line":273,"column":42}},"102":{"start":{"line":275,"column":8},"end":{"line":275,"column":59}},"103":{"start":{"line":276,"column":8},"end":{"line":276,"column":50}},"104":{"start":{"line":278,"column":8},"end":{"line":278,"column":49}},"105":{"start":{"line":289,"column":4},"end":{"line":295,"column":58}}},"fnMap":{"0":{"name":"logoutCurrentUser","decl":{"start":{"line":12,"column":22},"end":{"line":12,"column":39}},"loc":{"start":{"line":12,"column":42},"end":{"line":15,"column":1}},"line":12},"1":{"name":"getAvailablePassportCountries","decl":{"start":{"line":23,"column":22},"end":{"line":23,"column":51}},"loc":{"start":{"line":23,"column":91},"end":{"line":29,"column":1}},"line":23},"2":{"name":"(anonymous_2)","decl":{"start":{"line":26,"column":54},"end":{"line":26,"column":55}},"loc":{"start":{"line":26,"column":65},"end":{"line":26,"column":77}},"line":26},"3":{"name":"checkCountryValidity","decl":{"start":{"line":38,"column":22},"end":{"line":38,"column":42}},"loc":{"start":{"line":38,"column":94},"end":{"line":52,"column":1}},"line":38},"4":{"name":"addPassportCountry","decl":{"start":{"line":61,"column":22},"end":{"line":61,"column":40}},"loc":{"start":{"line":61,"column":86},"end":{"line":73,"column":1}},"line":61},"5":{"name":"deletePassportCountry","decl":{"start":{"line":81,"column":16},"end":{"line":81,"column":37}},"loc":{"start":{"line":81,"column":83},"end":{"line":92,"column":1}},"line":81},"6":{"name":"addActivityType","decl":{"start":{"line":100,"column":22},"end":{"line":100,"column":37}},"loc":{"start":{"line":100,"column":84},"end":{"line":112,"column":1}},"line":100},"7":{"name":"deleteActivityType","decl":{"start":{"line":120,"column":16},"end":{"line":120,"column":34}},"loc":{"start":{"line":120,"column":81},"end":{"line":131,"column":1}},"line":120},"8":{"name":"fetchCurrentUser","decl":{"start":{"line":142,"column":22},"end":{"line":142,"column":38}},"loc":{"start":{"line":142,"column":54},"end":{"line":150,"column":1}},"line":142},"9":{"name":"fetchProfileWithId","decl":{"start":{"line":156,"column":22},"end":{"line":156,"column":40}},"loc":{"start":{"line":156,"column":60},"end":{"line":158,"column":1}},"line":156},"10":{"name":"getPermissionLevel","decl":{"start":{"line":160,"column":16},"end":{"line":160,"column":34}},"loc":{"start":{"line":160,"column":45},"end":{"line":162,"column":1}},"line":160},"11":{"name":"updatePassword","decl":{"start":{"line":165,"column":22},"end":{"line":165,"column":36}},"loc":{"start":{"line":165,"column":122},"end":{"line":173,"column":1}},"line":165},"12":{"name":"updateUserEmails","decl":{"start":{"line":183,"column":22},"end":{"line":183,"column":38}},"loc":{"start":{"line":183,"column":108},"end":{"line":207,"column":1}},"line":183},"13":{"name":"addAndSaveActivityType","decl":{"start":{"line":213,"column":22},"end":{"line":213,"column":44}},"loc":{"start":{"line":213,"column":86},"end":{"line":224,"column":1}},"line":213},"14":{"name":"removeAndSaveActivityType","decl":{"start":{"line":230,"column":22},"end":{"line":230,"column":47}},"loc":{"start":{"line":230,"column":89},"end":{"line":246,"column":1}},"line":230},"15":{"name":"persistChangesToProfile","decl":{"start":{"line":252,"column":22},"end":{"line":252,"column":45}},"loc":{"start":{"line":252,"column":96},"end":{"line":280,"column":1}},"line":252},"16":{"name":"checkProfileValidity","decl":{"start":{"line":287,"column":9},"end":{"line":287,"column":29}},"loc":{"start":{"line":287,"column":55},"end":{"line":296,"column":3}},"line":287}},"branchMap":{"0":{"loc":{"start":{"line":23,"column":52},"end":{"line":23,"column":65}},"type":"default-arg","locations":[{"start":{"line":23,"column":60},"end":{"line":23,"column":65}}],"line":23},"1":{"loc":{"start":{"line":24,"column":4},"end":{"line":27,"column":5}},"type":"if","locations":[{"start":{"line":24,"column":4},"end":{"line":27,"column":5}},{"start":{"line":24,"column":4},"end":{"line":27,"column":5}}],"line":24},"2":{"loc":{"start":{"line":24,"column":8},"end":{"line":24,"column":52}},"type":"binary-expr","locations":[{"start":{"line":24,"column":8},"end":{"line":24,"column":43}},{"start":{"line":24,"column":47},"end":{"line":24,"column":52}}],"line":24},"3":{"loc":{"start":{"line":38,"column":61},"end":{"line":38,"column":74}},"type":"default-arg","locations":[{"start":{"line":38,"column":69},"end":{"line":38,"column":74}}],"line":38},"4":{"loc":{"start":{"line":39,"column":4},"end":{"line":41,"column":5}},"type":"if","locations":[{"start":{"line":39,"column":4},"end":{"line":41,"column":5}},{"start":{"line":39,"column":4},"end":{"line":41,"column":5}}],"line":39},"5":{"loc":{"start":{"line":42,"column":4},"end":{"line":50,"column":5}},"type":"if","locations":[{"start":{"line":42,"column":4},"end":{"line":50,"column":5}},{"start":{"line":42,"column":4},"end":{"line":50,"column":5}}],"line":42},"6":{"loc":{"start":{"line":42,"column":8},"end":{"line":42,"column":39}},"type":"binary-expr","locations":[{"start":{"line":42,"column":8},"end":{"line":42,"column":30}},{"start":{"line":42,"column":34},"end":{"line":42,"column":39}}],"line":42},"7":{"loc":{"start":{"line":45,"column":12},"end":{"line":47,"column":13}},"type":"if","locations":[{"start":{"line":45,"column":12},"end":{"line":47,"column":13}},{"start":{"line":45,"column":12},"end":{"line":47,"column":13}}],"line":45},"8":{"loc":{"start":{"line":45,"column":16},"end":{"line":45,"column":153}},"type":"binary-expr","locations":[{"start":{"line":45,"column":17},"end":{"line":45,"column":48}},{"start":{"line":45,"column":52},"end":{"line":45,"column":88}},{"start":{"line":45,"column":94},"end":{"line":45,"column":122}},{"start":{"line":45,"column":126},"end":{"line":45,"column":152}}],"line":45},"9":{"loc":{"start":{"line":62,"column":4},"end":{"line":64,"column":5}},"type":"if","locations":[{"start":{"line":62,"column":4},"end":{"line":64,"column":5}},{"start":{"line":62,"column":4},"end":{"line":64,"column":5}}],"line":62},"10":{"loc":{"start":{"line":65,"column":4},"end":{"line":67,"column":5}},"type":"if","locations":[{"start":{"line":65,"column":4},"end":{"line":67,"column":5}},{"start":{"line":65,"column":4},"end":{"line":67,"column":5}}],"line":65},"11":{"loc":{"start":{"line":68,"column":4},"end":{"line":70,"column":5}},"type":"if","locations":[{"start":{"line":68,"column":4},"end":{"line":70,"column":5}},{"start":{"line":68,"column":4},"end":{"line":70,"column":5}}],"line":68},"12":{"loc":{"start":{"line":83,"column":4},"end":{"line":85,"column":5}},"type":"if","locations":[{"start":{"line":83,"column":4},"end":{"line":85,"column":5}},{"start":{"line":83,"column":4},"end":{"line":85,"column":5}}],"line":83},"13":{"loc":{"start":{"line":87,"column":4},"end":{"line":89,"column":5}},"type":"if","locations":[{"start":{"line":87,"column":4},"end":{"line":89,"column":5}},{"start":{"line":87,"column":4},"end":{"line":89,"column":5}}],"line":87},"14":{"loc":{"start":{"line":101,"column":4},"end":{"line":103,"column":5}},"type":"if","locations":[{"start":{"line":101,"column":4},"end":{"line":103,"column":5}},{"start":{"line":101,"column":4},"end":{"line":103,"column":5}}],"line":101},"15":{"loc":{"start":{"line":104,"column":4},"end":{"line":106,"column":5}},"type":"if","locations":[{"start":{"line":104,"column":4},"end":{"line":106,"column":5}},{"start":{"line":104,"column":4},"end":{"line":106,"column":5}}],"line":104},"16":{"loc":{"start":{"line":107,"column":4},"end":{"line":109,"column":5}},"type":"if","locations":[{"start":{"line":107,"column":4},"end":{"line":109,"column":5}},{"start":{"line":107,"column":4},"end":{"line":109,"column":5}}],"line":107},"17":{"loc":{"start":{"line":122,"column":4},"end":{"line":124,"column":5}},"type":"if","locations":[{"start":{"line":122,"column":4},"end":{"line":124,"column":5}},{"start":{"line":122,"column":4},"end":{"line":124,"column":5}}],"line":122},"18":{"loc":{"start":{"line":126,"column":4},"end":{"line":128,"column":5}},"type":"if","locations":[{"start":{"line":126,"column":4},"end":{"line":128,"column":5}},{"start":{"line":126,"column":4},"end":{"line":128,"column":5}}],"line":126},"19":{"loc":{"start":{"line":142,"column":39},"end":{"line":142,"column":52}},"type":"default-arg","locations":[{"start":{"line":142,"column":47},"end":{"line":142,"column":52}}],"line":142},"20":{"loc":{"start":{"line":143,"column":4},"end":{"line":148,"column":5}},"type":"if","locations":[{"start":{"line":143,"column":4},"end":{"line":148,"column":5}},{"start":{"line":143,"column":4},"end":{"line":148,"column":5}}],"line":143},"21":{"loc":{"start":{"line":143,"column":8},"end":{"line":143,"column":30}},"type":"binary-expr","locations":[{"start":{"line":143,"column":8},"end":{"line":143,"column":13}},{"start":{"line":143,"column":17},"end":{"line":143,"column":30}}],"line":143},"22":{"loc":{"start":{"line":145,"column":8},"end":{"line":147,"column":9}},"type":"if","locations":[{"start":{"line":145,"column":8},"end":{"line":147,"column":9}},{"start":{"line":145,"column":8},"end":{"line":147,"column":9}}],"line":145},"23":{"loc":{"start":{"line":166,"column":4},"end":{"line":168,"column":5}},"type":"if","locations":[{"start":{"line":166,"column":4},"end":{"line":168,"column":5}},{"start":{"line":166,"column":4},"end":{"line":168,"column":5}}],"line":166},"24":{"loc":{"start":{"line":169,"column":4},"end":{"line":171,"column":5}},"type":"if","locations":[{"start":{"line":169,"column":4},"end":{"line":171,"column":5}},{"start":{"line":169,"column":4},"end":{"line":171,"column":5}}],"line":169},"25":{"loc":{"start":{"line":187,"column":4},"end":{"line":189,"column":5}},"type":"if","locations":[{"start":{"line":187,"column":4},"end":{"line":189,"column":5}},{"start":{"line":187,"column":4},"end":{"line":189,"column":5}}],"line":187},"26":{"loc":{"start":{"line":191,"column":4},"end":{"line":193,"column":5}},"type":"if","locations":[{"start":{"line":191,"column":4},"end":{"line":193,"column":5}},{"start":{"line":191,"column":4},"end":{"line":193,"column":5}}],"line":191},"27":{"loc":{"start":{"line":191,"column":8},"end":{"line":191,"column":73}},"type":"binary-expr","locations":[{"start":{"line":191,"column":8},"end":{"line":191,"column":28}},{"start":{"line":191,"column":32},"end":{"line":191,"column":73}}],"line":191},"28":{"loc":{"start":{"line":197,"column":8},"end":{"line":199,"column":9}},"type":"if","locations":[{"start":{"line":197,"column":8},"end":{"line":199,"column":9}},{"start":{"line":197,"column":8},"end":{"line":199,"column":9}}],"line":197},"29":{"loc":{"start":{"line":197,"column":12},"end":{"line":197,"column":91}},"type":"binary-expr","locations":[{"start":{"line":197,"column":12},"end":{"line":197,"column":39}},{"start":{"line":197,"column":43},"end":{"line":197,"column":91}}],"line":197},"30":{"loc":{"start":{"line":202,"column":4},"end":{"line":204,"column":5}},"type":"if","locations":[{"start":{"line":202,"column":4},"end":{"line":204,"column":5}},{"start":{"line":202,"column":4},"end":{"line":204,"column":5}}],"line":202},"31":{"loc":{"start":{"line":215,"column":4},"end":{"line":217,"column":5}},"type":"if","locations":[{"start":{"line":215,"column":4},"end":{"line":217,"column":5}},{"start":{"line":215,"column":4},"end":{"line":217,"column":5}}],"line":215},"32":{"loc":{"start":{"line":218,"column":4},"end":{"line":222,"column":7}},"type":"if","locations":[{"start":{"line":218,"column":4},"end":{"line":222,"column":7}},{"start":{"line":218,"column":4},"end":{"line":222,"column":7}}],"line":218},"33":{"loc":{"start":{"line":232,"column":4},"end":{"line":234,"column":5}},"type":"if","locations":[{"start":{"line":232,"column":4},"end":{"line":234,"column":5}},{"start":{"line":232,"column":4},"end":{"line":234,"column":5}}],"line":232},"34":{"loc":{"start":{"line":235,"column":4},"end":{"line":237,"column":5}},"type":"if","locations":[{"start":{"line":235,"column":4},"end":{"line":237,"column":5}},{"start":{"line":235,"column":4},"end":{"line":237,"column":5}}],"line":235},"35":{"loc":{"start":{"line":235,"column":8},"end":{"line":235,"column":56}},"type":"binary-expr","locations":[{"start":{"line":235,"column":8},"end":{"line":235,"column":24}},{"start":{"line":235,"column":28},"end":{"line":235,"column":56}}],"line":235},"36":{"loc":{"start":{"line":240,"column":4},"end":{"line":244,"column":5}},"type":"if","locations":[{"start":{"line":240,"column":4},"end":{"line":244,"column":5}},{"start":{"line":240,"column":4},"end":{"line":244,"column":5}}],"line":240},"37":{"loc":{"start":{"line":253,"column":4},"end":{"line":270,"column":5}},"type":"if","locations":[{"start":{"line":253,"column":4},"end":{"line":270,"column":5}},{"start":{"line":253,"column":4},"end":{"line":270,"column":5}}],"line":253},"38":{"loc":{"start":{"line":258,"column":8},"end":{"line":262,"column":9}},"type":"if","locations":[{"start":{"line":258,"column":8},"end":{"line":262,"column":9}},{"start":{"line":258,"column":8},"end":{"line":262,"column":9}}],"line":258},"39":{"loc":{"start":{"line":263,"column":8},"end":{"line":269,"column":9}},"type":"if","locations":[{"start":{"line":263,"column":8},"end":{"line":269,"column":9}},{"start":{"line":263,"column":8},"end":{"line":269,"column":9}}],"line":263},"40":{"loc":{"start":{"line":266,"column":15},"end":{"line":269,"column":9}},"type":"if","locations":[{"start":{"line":266,"column":15},"end":{"line":269,"column":9}},{"start":{"line":266,"column":15},"end":{"line":269,"column":9}}],"line":266},"41":{"loc":{"start":{"line":266,"column":19},"end":{"line":266,"column":64}},"type":"binary-expr","locations":[{"start":{"line":266,"column":19},"end":{"line":266,"column":30}},{"start":{"line":266,"column":34},"end":{"line":266,"column":46}},{"start":{"line":266,"column":50},"end":{"line":266,"column":64}}],"line":266},"42":{"loc":{"start":{"line":271,"column":4},"end":{"line":279,"column":5}},"type":"if","locations":[{"start":{"line":271,"column":4},"end":{"line":279,"column":5}},{"start":{"line":271,"column":4},"end":{"line":279,"column":5}}],"line":271},"43":{"loc":{"start":{"line":272,"column":8},"end":{"line":274,"column":9}},"type":"if","locations":[{"start":{"line":272,"column":8},"end":{"line":274,"column":9}},{"start":{"line":272,"column":8},"end":{"line":274,"column":9}}],"line":272},"44":{"loc":{"start":{"line":289,"column":11},"end":{"line":295,"column":57}},"type":"binary-expr","locations":[{"start":{"line":289,"column":11},"end":{"line":289,"column":70}},{"start":{"line":290,"column":4},"end":{"line":290,"column":61}},{"start":{"line":291,"column":4},"end":{"line":291,"column":65}},{"start":{"line":292,"column":4},"end":{"line":292,"column":61}},{"start":{"line":293,"column":4},"end":{"line":293,"column":51}},{"start":{"line":294,"column":4},"end":{"line":294,"column":61}},{"start":{"line":295,"column":4},"end":{"line":295,"column":57}}],"line":289}},"s":{"0":1,"1":0,"2":0,"3":7,"4":1,"5":1,"6":2,"7":7,"8":1,"9":0,"10":1,"11":1,"12":1,"13":1,"14":1,"15":1,"16":0,"17":7,"18":3,"19":7,"20":1,"21":6,"22":2,"23":4,"24":6,"25":0,"26":6,"27":3,"28":3,"29":13,"30":5,"31":13,"32":1,"33":12,"34":4,"35":8,"36":6,"37":0,"38":6,"39":3,"40":3,"41":1,"42":0,"43":0,"44":0,"45":0,"46":0,"47":0,"48":0,"49":4,"50":1,"51":3,"52":1,"53":2,"54":0,"55":0,"56":0,"57":0,"58":0,"59":0,"60":0,"61":0,"62":0,"63":0,"64":0,"65":0,"66":0,"67":0,"68":0,"69":0,"70":1,"71":1,"72":0,"73":1,"74":0,"75":1,"76":1,"77":4,"78":4,"79":0,"80":4,"81":2,"82":2,"83":2,"84":1,"85":1,"86":1,"87":1,"88":1,"89":1,"90":1,"91":1,"92":1,"93":0,"94":1,"95":0,"96":1,"97":1,"98":1,"99":1,"100":0,"101":0,"102":0,"103":0,"104":1,"105":1},"f":{"0":0,"1":7,"2":2,"3":1,"4":7,"5":6,"6":13,"7":6,"8":0,"9":0,"10":0,"11":4,"12":0,"13":1,"14":4,"15":1,"16":1},"b":{"0":[7],"1":[1,6],"2":[7,6],"3":[1],"4":[0,1],"5":[1,0],"6":[1,0],"7":[1,0],"8":[1,0,1,1],"9":[3,4],"10":[1,6],"11":[2,4],"12":[0,6],"13":[3,3],"14":[5,8],"15":[1,12],"16":[4,8],"17":[0,6],"18":[3,3],"19":[0],"20":[0,0],"21":[0,0],"22":[0,0],"23":[1,3],"24":[1,2],"25":[0,0],"26":[0,0],"27":[0,0],"28":[0,0],"29":[0,0],"30":[0,0],"31":[0,1],"32":[0,1],"33":[0,4],"34":[2,2],"35":[4,3],"36":[1,1],"37":[1,0],"38":[1,0],"39":[0,1],"40":[1,0],"41":[1,1,1],"42":[0,1],"43":[0,0],"44":[1,0,0,0,0,0,0]},"_coverageSchema":"1a1c01bbd47fc00a2c39e90264f33305004495a9","hash":"59859efb6d0f32fa7d4b757da424aa01bfcc4fd8"}
,"C:\\Users\\livvy\\OneDrive\\Desktop\\Learning\\2020 Sem2\\SENG302\\team-500\\client\\src\\models\\activity.model.ts": {"path":"C:\\Users\\livvy\\OneDrive\\Desktop\\Learning\\2020 Sem2\\SENG302\\team-500\\client\\src\\models\\activity.model.ts","statementMap":{"0":{"start":{"line":13,"column":12},"end":{"line":13,"column":74}},"1":{"start":{"line":25,"column":12},"end":{"line":25,"column":87}},"2":{"start":{"line":34,"column":12},"end":{"line":34,"column":49}},"3":{"start":{"line":35,"column":2},"end":{"line":35,"column":18}},"4":{"start":{"line":43,"column":12},"end":{"line":43,"column":67}},"5":{"start":{"line":44,"column":2},"end":{"line":44,"column":18}},"6":{"start":{"line":54,"column":12},"end":{"line":54,"column":81}},"7":{"start":{"line":55,"column":2},"end":{"line":55,"column":18}},"8":{"start":{"line":64,"column":2},"end":{"line":64,"column":75}}},"fnMap":{"0":{"name":"createActivity","decl":{"start":{"line":9,"column":22},"end":{"line":9,"column":36}},"loc":{"start":{"line":12,"column":2},"end":{"line":15,"column":1}},"line":12},"1":{"name":"editActivity","decl":{"start":{"line":23,"column":22},"end":{"line":23,"column":34}},"loc":{"start":{"line":24,"column":22},"end":{"line":27,"column":1}},"line":24},"2":{"name":"loadAvailableActivityTypes","decl":{"start":{"line":33,"column":22},"end":{"line":33,"column":48}},"loc":{"start":{"line":33,"column":70},"end":{"line":36,"column":1}},"line":33},"3":{"name":"getActivitiesByCreator","decl":{"start":{"line":42,"column":22},"end":{"line":42,"column":44}},"loc":{"start":{"line":42,"column":98},"end":{"line":45,"column":1}},"line":42},"4":{"name":"getActivityById","decl":{"start":{"line":53,"column":22},"end":{"line":53,"column":37}},"loc":{"start":{"line":53,"column":109},"end":{"line":56,"column":1}},"line":53},"5":{"name":"deleteActivityById","decl":{"start":{"line":63,"column":22},"end":{"line":63,"column":40}},"loc":{"start":{"line":63,"column":80},"end":{"line":65,"column":1}},"line":63}},"branchMap":{},"s":{"0":0,"1":0,"2":0,"3":0,"4":0,"5":0,"6":0,"7":0,"8":0},"f":{"0":0,"1":0,"2":0,"3":0,"4":0,"5":0},"b":{},"_coverageSchema":"1a1c01bbd47fc00a2c39e90264f33305004495a9","hash":"ecb0500c5f1956b8d8dfbdbb3b8c94fa9fa3ce54"}
,"C:\\Users\\livvy\\OneDrive\\Desktop\\Learning\\2020 Sem2\\SENG302\\team-500\\client\\src\\models\\countries.model.ts": {"path":"C:\\Users\\livvy\\OneDrive\\Desktop\\Learning\\2020 Sem2\\SENG302\\team-500\\client\\src\\models\\countries.model.ts","statementMap":{"0":{"start":{"line":6,"column":2},"end":{"line":21,"column":3}},"1":{"start":{"line":7,"column":4},"end":{"line":7,"column":73}},"2":{"start":{"line":9,"column":4},"end":{"line":20,"column":5}},"3":{"start":{"line":11,"column":6},"end":{"line":11,"column":32}},"4":{"start":{"line":12,"column":6},"end":{"line":12,"column":45}},"5":{"start":{"line":13,"column":11},"end":{"line":20,"column":5}},"6":{"start":{"line":14,"column":6},"end":{"line":14,"column":31}},"7":{"start":{"line":15,"column":6},"end":{"line":15,"column":33}},"8":{"start":{"line":18,"column":6},"end":{"line":18,"column":23}},"9":{"start":{"line":19,"column":6},"end":{"line":19,"column":25}},"10":{"start":{"line":22,"column":2},"end":{"line":22,"column":18}}},"fnMap":{"0":{"name":"loadPassportCountries","decl":{"start":{"line":3,"column":22},"end":{"line":3,"column":43}},"loc":{"start":{"line":3,"column":46},"end":{"line":23,"column":1}},"line":3}},"branchMap":{"0":{"loc":{"start":{"line":9,"column":4},"end":{"line":20,"column":5}},"type":"if","locations":[{"start":{"line":9,"column":4},"end":{"line":20,"column":5}},{"start":{"line":9,"column":4},"end":{"line":20,"column":5}}],"line":9},"1":{"loc":{"start":{"line":13,"column":11},"end":{"line":20,"column":5}},"type":"if","locations":[{"start":{"line":13,"column":11},"end":{"line":20,"column":5}},{"start":{"line":13,"column":11},"end":{"line":20,"column":5}}],"line":13}},"s":{"0":0,"1":0,"2":0,"3":0,"4":0,"5":0,"6":0,"7":0,"8":0,"9":0,"10":0},"f":{"0":0},"b":{"0":[0,0],"1":[0,0]},"_coverageSchema":"1a1c01bbd47fc00a2c39e90264f33305004495a9","hash":"cd328279cd485199f273f975bf594c5b3fa22f4a"}
,"C:\\Users\\livvy\\OneDrive\\Desktop\\Learning\\2020 Sem2\\SENG302\\team-500\\client\\src\\models\\location.model.ts": {"path":"C:\\Users\\livvy\\OneDrive\\Desktop\\Learning\\2020 Sem2\\SENG302\\team-500\\client\\src\\models\\location.model.ts","statementMap":{"0":{"start":{"line":5,"column":12},"end":{"line":5,"column":136}},"1":{"start":{"line":6,"column":2},"end":{"line":6,"column":18}}},"fnMap":{"0":{"name":"checkCountryExistence","decl":{"start":{"line":3,"column":22},"end":{"line":3,"column":43}},"loc":{"start":{"line":3,"column":62},"end":{"line":7,"column":1}},"line":3}},"branchMap":{},"s":{"0":1,"1":1},"f":{"0":1},"b":{},"_coverageSchema":"1a1c01bbd47fc00a2c39e90264f33305004495a9","hash":"6145180b000d0df8d5ce657664cb022ecac27cf3"}
,"C:\\Users\\livvy\\OneDrive\\Desktop\\Learning\\2020 Sem2\\SENG302\\team-500\\client\\src\\models\\user.model.ts": {"path":"C:\\Users\\livvy\\OneDrive\\Desktop\\Learning\\2020 Sem2\\SENG302\\team-500\\client\\src\\models\\user.model.ts","statementMap":{"0":{"start":{"line":12,"column":12},"end":{"line":12,"column":64}},"1":{"start":{"line":13,"column":2},"end":{"line":13,"column":35}},"2":{"start":{"line":21,"column":12},"end":{"line":21,"column":55}},"3":{"start":{"line":22,"column":2},"end":{"line":22,"column":35}},"4":{"start":{"line":32,"column":17},"end":{"line":45,"column":3}},"5":{"start":{"line":46,"column":12},"end":{"line":46,"column":53}},"6":{"start":{"line":47,"column":28},"end":{"line":47,"column":36}},"7":{"start":{"line":48,"column":2},"end":{"line":48,"column":35}},"8":{"start":{"line":56,"column":2},"end":{"line":60,"column":3}},"9":{"start":{"line":57,"column":4},"end":{"line":59,"column":6}},"10":{"start":{"line":61,"column":20},"end":{"line":61,"column":31}},"11":{"start":{"line":62,"column":2},"end":{"line":66,"column":3}},"12":{"start":{"line":63,"column":4},"end":{"line":65,"column":5}},"13":{"start":{"line":64,"column":6},"end":{"line":64,"column":30}},"14":{"start":{"line":67,"column":2},"end":{"line":67,"column":59}},"15":{"start":{"line":79,"column":21},"end":{"line":79,"column":55}},"16":{"start":{"line":80,"column":12},"end":{"line":83,"column":3}},"17":{"start":{"line":93,"column":13},"end":{"line":93,"column":44}},"18":{"start":{"line":94,"column":15},"end":{"line":94,"column":36}},"19":{"start":{"line":95,"column":2},"end":{"line":99,"column":3}},"20":{"start":{"line":96,"column":4},"end":{"line":96,"column":23}},"21":{"start":{"line":98,"column":4},"end":{"line":98,"column":23}},"22":{"start":{"line":100,"column":18},"end":{"line":100,"column":46}},"23":{"start":{"line":101,"column":12},"end":{"line":101,"column":79}},"24":{"start":{"line":115,"column":12},"end":{"line":117,"column":4}},"25":{"start":{"line":129,"column":13},"end":{"line":129,"column":44}},"26":{"start":{"line":130,"column":2},"end":{"line":130,"column":67}},"27":{"start":{"line":146,"column":12},"end":{"line":150,"column":4}}},"fnMap":{"0":{"name":"getCurrentUser","decl":{"start":{"line":11,"column":22},"end":{"line":11,"column":36}},"loc":{"start":{"line":11,"column":39},"end":{"line":14,"column":1}},"line":11},"1":{"name":"getProfileById","decl":{"start":{"line":20,"column":22},"end":{"line":20,"column":36}},"loc":{"start":{"line":20,"column":56},"end":{"line":23,"column":1}},"line":20},"2":{"name":"create","decl":{"start":{"line":31,"column":22},"end":{"line":31,"column":28}},"loc":{"start":{"line":31,"column":74},"end":{"line":49,"column":1}},"line":31},"3":{"name":"saveUser","decl":{"start":{"line":55,"column":22},"end":{"line":55,"column":30}},"loc":{"start":{"line":55,"column":71},"end":{"line":68,"column":1}},"line":55},"4":{"name":"updateActivityTypes","decl":{"start":{"line":75,"column":22},"end":{"line":75,"column":41}},"loc":{"start":{"line":78,"column":2},"end":{"line":84,"column":1}},"line":78},"5":{"name":"updateEmailList","decl":{"start":{"line":91,"column":22},"end":{"line":91,"column":37}},"loc":{"start":{"line":91,"column":78},"end":{"line":102,"column":1}},"line":91},"6":{"name":"updateEmails","decl":{"start":{"line":110,"column":22},"end":{"line":110,"column":34}},"loc":{"start":{"line":114,"column":2},"end":{"line":118,"column":1}},"line":114},"7":{"name":"saveActivityTypes","decl":{"start":{"line":125,"column":22},"end":{"line":125,"column":39}},"loc":{"start":{"line":128,"column":2},"end":{"line":131,"column":1}},"line":128},"8":{"name":"updateCurrentPassword","decl":{"start":{"line":140,"column":22},"end":{"line":140,"column":43}},"loc":{"start":{"line":145,"column":2},"end":{"line":151,"column":1}},"line":145}},"branchMap":{"0":{"loc":{"start":{"line":56,"column":2},"end":{"line":60,"column":3}},"type":"if","locations":[{"start":{"line":56,"column":2},"end":{"line":60,"column":3}},{"start":{"line":56,"column":2},"end":{"line":60,"column":3}}],"line":56},"1":{"loc":{"start":{"line":63,"column":4},"end":{"line":65,"column":5}},"type":"if","locations":[{"start":{"line":63,"column":4},"end":{"line":65,"column":5}},{"start":{"line":63,"column":4},"end":{"line":65,"column":5}}],"line":63},"2":{"loc":{"start":{"line":95,"column":2},"end":{"line":99,"column":3}},"type":"if","locations":[{"start":{"line":95,"column":2},"end":{"line":99,"column":3}},{"start":{"line":95,"column":2},"end":{"line":99,"column":3}}],"line":95}},"s":{"0":0,"1":0,"2":0,"3":0,"4":0,"5":0,"6":0,"7":0,"8":0,"9":0,"10":0,"11":0,"12":0,"13":0,"14":0,"15":0,"16":0,"17":0,"18":0,"19":0,"20":0,"21":0,"22":0,"23":0,"24":0,"25":0,"26":0,"27":0},"f":{"0":0,"1":0,"2":0,"3":0,"4":0,"5":0,"6":0,"7":0,"8":0},"b":{"0":[0,0],"1":[0,0],"2":[0,0]},"_coverageSchema":"1a1c01bbd47fc00a2c39e90264f33305004495a9","hash":"ac19af82a6dd17520d42f8c205041aa472b25cb1"}
,"C:\\Users\\livvy\\OneDrive\\Desktop\\Learning\\2020 Sem2\\SENG302\\team-500\\client\\src\\scripts\\FormValidator.ts": {"path":"C:\\Users\\livvy\\OneDrive\\Desktop\\Learning\\2020 Sem2\\SENG302\\team-500\\client\\src\\scripts\\FormValidator.ts","statementMap":{"0":{"start":{"line":3,"column":15},"end":{"line":3,"column":27}},"1":{"start":{"line":4,"column":30},"end":{"line":4,"column":114}},"2":{"start":{"line":5,"column":29},"end":{"line":5,"column":112}},"3":{"start":{"line":6,"column":31},"end":{"line":6,"column":116}},"4":{"start":{"line":7,"column":28},"end":{"line":7,"column":106}},"5":{"start":{"line":8,"column":23},"end":{"line":8,"column":59}},"6":{"start":{"line":9,"column":23},"end":{"line":9,"column":133}},"7":{"start":{"line":10,"column":26},"end":{"line":10,"column":79}},"8":{"start":{"line":11,"column":25},"end":{"line":11,"column":45}},"9":{"start":{"line":16,"column":17},"end":{"line":16,"column":170}},"10":{"start":{"line":17,"column":8},"end":{"line":17,"column":52}},"11":{"start":{"line":21,"column":8},"end":{"line":21,"column":35}},"12":{"start":{"line":25,"column":8},"end":{"line":25,"column":36}},"13":{"start":{"line":29,"column":8},"end":{"line":31,"column":9}},"14":{"start":{"line":30,"column":12},"end":{"line":30,"column":25}},"15":{"start":{"line":33,"column":8},"end":{"line":35,"column":9}},"16":{"start":{"line":34,"column":12},"end":{"line":34,"column":25}},"17":{"start":{"line":37,"column":8},"end":{"line":39,"column":9}},"18":{"start":{"line":38,"column":12},"end":{"line":38,"column":25}},"19":{"start":{"line":41,"column":8},"end":{"line":41,"column":20}},"20":{"start":{"line":45,"column":8},"end":{"line":49,"column":9}},"21":{"start":{"line":46,"column":12},"end":{"line":46,"column":25}},"22":{"start":{"line":48,"column":12},"end":{"line":48,"column":53}},"23":{"start":{"line":53,"column":8},"end":{"line":57,"column":9}},"24":{"start":{"line":54,"column":12},"end":{"line":54,"column":25}},"25":{"start":{"line":56,"column":12},"end":{"line":56,"column":52}},"26":{"start":{"line":62,"column":8},"end":{"line":66,"column":9}},"27":{"start":{"line":63,"column":12},"end":{"line":63,"column":24}},"28":{"start":{"line":65,"column":12},"end":{"line":65,"column":54}},"29":{"start":{"line":70,"column":8},"end":{"line":72,"column":9}},"30":{"start":{"line":71,"column":12},"end":{"line":71,"column":25}},"31":{"start":{"line":74,"column":8},"end":{"line":76,"column":9}},"32":{"start":{"line":75,"column":12},"end":{"line":75,"column":25}},"33":{"start":{"line":78,"column":8},"end":{"line":80,"column":9}},"34":{"start":{"line":79,"column":12},"end":{"line":79,"column":25}},"35":{"start":{"line":82,"column":8},"end":{"line":82,"column":20}},"36":{"start":{"line":86,"column":8},"end":{"line":88,"column":9}},"37":{"start":{"line":87,"column":12},"end":{"line":87,"column":25}},"38":{"start":{"line":90,"column":8},"end":{"line":90,"column":20}},"39":{"start":{"line":94,"column":8},"end":{"line":96,"column":9}},"40":{"start":{"line":95,"column":12},"end":{"line":95,"column":25}},"41":{"start":{"line":98,"column":8},"end":{"line":100,"column":9}},"42":{"start":{"line":99,"column":12},"end":{"line":99,"column":25}},"43":{"start":{"line":102,"column":21},"end":{"line":102,"column":46}},"44":{"start":{"line":103,"column":12},"end":{"line":105,"column":9}},"45":{"start":{"line":104,"column":16},"end":{"line":104,"column":29}},"46":{"start":{"line":107,"column":24},"end":{"line":107,"column":47}},"47":{"start":{"line":108,"column":8},"end":{"line":110,"column":9}},"48":{"start":{"line":109,"column":12},"end":{"line":109,"column":25}},"49":{"start":{"line":112,"column":8},"end":{"line":114,"column":9}},"50":{"start":{"line":113,"column":12},"end":{"line":113,"column":25}},"51":{"start":{"line":116,"column":8},"end":{"line":118,"column":9}},"52":{"start":{"line":117,"column":12},"end":{"line":117,"column":25}},"53":{"start":{"line":120,"column":8},"end":{"line":120,"column":20}},"54":{"start":{"line":124,"column":8},"end":{"line":126,"column":9}},"55":{"start":{"line":125,"column":12},"end":{"line":125,"column":25}},"56":{"start":{"line":128,"column":22},"end":{"line":128,"column":54}},"57":{"start":{"line":129,"column":8},"end":{"line":131,"column":9}},"58":{"start":{"line":130,"column":12},"end":{"line":130,"column":25}},"59":{"start":{"line":133,"column":8},"end":{"line":133,"column":20}},"60":{"start":{"line":142,"column":8},"end":{"line":144,"column":9}},"61":{"start":{"line":143,"column":12},"end":{"line":143,"column":25}},"62":{"start":{"line":146,"column":8},"end":{"line":146,"column":20}}},"fnMap":{"0":{"name":"(anonymous_0)","decl":{"start":{"line":13,"column":4},"end":{"line":13,"column":5}},"loc":{"start":{"line":13,"column":32},"end":{"line":18,"column":5}},"line":13},"1":{"name":"(anonymous_1)","decl":{"start":{"line":20,"column":4},"end":{"line":20,"column":5}},"loc":{"start":{"line":20,"column":32},"end":{"line":22,"column":5}},"line":20},"2":{"name":"(anonymous_2)","decl":{"start":{"line":24,"column":4},"end":{"line":24,"column":5}},"loc":{"start":{"line":24,"column":36},"end":{"line":26,"column":5}},"line":24},"3":{"name":"(anonymous_3)","decl":{"start":{"line":28,"column":4},"end":{"line":28,"column":5}},"loc":{"start":{"line":28,"column":36},"end":{"line":42,"column":5}},"line":28},"4":{"name":"(anonymous_4)","decl":{"start":{"line":44,"column":4},"end":{"line":44,"column":5}},"loc":{"start":{"line":44,"column":58},"end":{"line":50,"column":5}},"line":44},"5":{"name":"(anonymous_5)","decl":{"start":{"line":52,"column":4},"end":{"line":52,"column":5}},"loc":{"start":{"line":52,"column":56},"end":{"line":59,"column":5}},"line":52},"6":{"name":"(anonymous_6)","decl":{"start":{"line":61,"column":4},"end":{"line":61,"column":5}},"loc":{"start":{"line":61,"column":60},"end":{"line":67,"column":5}},"line":61},"7":{"name":"(anonymous_7)","decl":{"start":{"line":69,"column":4},"end":{"line":69,"column":5}},"loc":{"start":{"line":69,"column":56},"end":{"line":83,"column":5}},"line":69},"8":{"name":"(anonymous_8)","decl":{"start":{"line":85,"column":4},"end":{"line":85,"column":5}},"loc":{"start":{"line":85,"column":46},"end":{"line":91,"column":5}},"line":85},"9":{"name":"(anonymous_9)","decl":{"start":{"line":93,"column":4},"end":{"line":93,"column":5}},"loc":{"start":{"line":93,"column":56},"end":{"line":121,"column":5}},"line":93},"10":{"name":"(anonymous_10)","decl":{"start":{"line":123,"column":4},"end":{"line":123,"column":5}},"loc":{"start":{"line":123,"column":52},"end":{"line":134,"column":5}},"line":123},"11":{"name":"(anonymous_11)","decl":{"start":{"line":141,"column":4},"end":{"line":141,"column":5}},"loc":{"start":{"line":141,"column":53},"end":{"line":147,"column":5}},"line":141}},"branchMap":{"0":{"loc":{"start":{"line":29,"column":8},"end":{"line":31,"column":9}},"type":"if","locations":[{"start":{"line":29,"column":8},"end":{"line":31,"column":9}},{"start":{"line":29,"column":8},"end":{"line":31,"column":9}}],"line":29},"1":{"loc":{"start":{"line":33,"column":8},"end":{"line":35,"column":9}},"type":"if","locations":[{"start":{"line":33,"column":8},"end":{"line":35,"column":9}},{"start":{"line":33,"column":8},"end":{"line":35,"column":9}}],"line":33},"2":{"loc":{"start":{"line":37,"column":8},"end":{"line":39,"column":9}},"type":"if","locations":[{"start":{"line":37,"column":8},"end":{"line":39,"column":9}},{"start":{"line":37,"column":8},"end":{"line":39,"column":9}}],"line":37},"3":{"loc":{"start":{"line":45,"column":8},"end":{"line":49,"column":9}},"type":"if","locations":[{"start":{"line":45,"column":8},"end":{"line":49,"column":9}},{"start":{"line":45,"column":8},"end":{"line":49,"column":9}}],"line":45},"4":{"loc":{"start":{"line":53,"column":8},"end":{"line":57,"column":9}},"type":"if","locations":[{"start":{"line":53,"column":8},"end":{"line":57,"column":9}},{"start":{"line":53,"column":8},"end":{"line":57,"column":9}}],"line":53},"5":{"loc":{"start":{"line":62,"column":8},"end":{"line":66,"column":9}},"type":"if","locations":[{"start":{"line":62,"column":8},"end":{"line":66,"column":9}},{"start":{"line":62,"column":8},"end":{"line":66,"column":9}}],"line":62},"6":{"loc":{"start":{"line":70,"column":8},"end":{"line":72,"column":9}},"type":"if","locations":[{"start":{"line":70,"column":8},"end":{"line":72,"column":9}},{"start":{"line":70,"column":8},"end":{"line":72,"column":9}}],"line":70},"7":{"loc":{"start":{"line":70,"column":12},"end":{"line":70,"column":43}},"type":"binary-expr","locations":[{"start":{"line":70,"column":12},"end":{"line":70,"column":20}},{"start":{"line":70,"column":24},"end":{"line":70,"column":43}}],"line":70},"8":{"loc":{"start":{"line":74,"column":8},"end":{"line":76,"column":9}},"type":"if","locations":[{"start":{"line":74,"column":8},"end":{"line":76,"column":9}},{"start":{"line":74,"column":8},"end":{"line":76,"column":9}}],"line":74},"9":{"loc":{"start":{"line":74,"column":12},"end":{"line":74,"column":44}},"type":"binary-expr","locations":[{"start":{"line":74,"column":12},"end":{"line":74,"column":20}},{"start":{"line":74,"column":24},"end":{"line":74,"column":44}}],"line":74},"10":{"loc":{"start":{"line":78,"column":8},"end":{"line":80,"column":9}},"type":"if","locations":[{"start":{"line":78,"column":8},"end":{"line":80,"column":9}},{"start":{"line":78,"column":8},"end":{"line":80,"column":9}}],"line":78},"11":{"loc":{"start":{"line":78,"column":12},"end":{"line":78,"column":52}},"type":"binary-expr","locations":[{"start":{"line":78,"column":12},"end":{"line":78,"column":20}},{"start":{"line":78,"column":24},"end":{"line":78,"column":52}}],"line":78},"12":{"loc":{"start":{"line":86,"column":8},"end":{"line":88,"column":9}},"type":"if","locations":[{"start":{"line":86,"column":8},"end":{"line":88,"column":9}},{"start":{"line":86,"column":8},"end":{"line":88,"column":9}}],"line":86},"13":{"loc":{"start":{"line":86,"column":12},"end":{"line":86,"column":33}},"type":"binary-expr","locations":[{"start":{"line":86,"column":12},"end":{"line":86,"column":15}},{"start":{"line":86,"column":19},"end":{"line":86,"column":33}}],"line":86},"14":{"loc":{"start":{"line":94,"column":8},"end":{"line":96,"column":9}},"type":"if","locations":[{"start":{"line":94,"column":8},"end":{"line":96,"column":9}},{"start":{"line":94,"column":8},"end":{"line":96,"column":9}}],"line":94},"15":{"loc":{"start":{"line":98,"column":8},"end":{"line":100,"column":9}},"type":"if","locations":[{"start":{"line":98,"column":8},"end":{"line":100,"column":9}},{"start":{"line":98,"column":8},"end":{"line":100,"column":9}}],"line":98},"16":{"loc":{"start":{"line":98,"column":12},"end":{"line":98,"column":92}},"type":"binary-expr","locations":[{"start":{"line":98,"column":12},"end":{"line":98,"column":38}},{"start":{"line":98,"column":42},"end":{"line":98,"column":65}},{"start":{"line":98,"column":69},"end":{"line":98,"column":92}}],"line":98},"17":{"loc":{"start":{"line":103,"column":12},"end":{"line":105,"column":9}},"type":"if","locations":[{"start":{"line":103,"column":12},"end":{"line":105,"column":9}},{"start":{"line":103,"column":12},"end":{"line":105,"column":9}}],"line":103},"18":{"loc":{"start":{"line":108,"column":8},"end":{"line":110,"column":9}},"type":"if","locations":[{"start":{"line":108,"column":8},"end":{"line":110,"column":9}},{"start":{"line":108,"column":8},"end":{"line":110,"column":9}}],"line":108},"19":{"loc":{"start":{"line":108,"column":14},"end":{"line":108,"column":200}},"type":"binary-expr","locations":[{"start":{"line":108,"column":14},"end":{"line":108,"column":74}},{"start":{"line":108,"column":78},"end":{"line":108,"column":139}},{"start":{"line":108,"column":143},"end":{"line":108,"column":200}}],"line":108},"20":{"loc":{"start":{"line":112,"column":8},"end":{"line":114,"column":9}},"type":"if","locations":[{"start":{"line":112,"column":8},"end":{"line":114,"column":9}},{"start":{"line":112,"column":8},"end":{"line":114,"column":9}}],"line":112},"21":{"loc":{"start":{"line":116,"column":8},"end":{"line":118,"column":9}},"type":"if","locations":[{"start":{"line":116,"column":8},"end":{"line":118,"column":9}},{"start":{"line":116,"column":8},"end":{"line":118,"column":9}}],"line":116},"22":{"loc":{"start":{"line":124,"column":8},"end":{"line":126,"column":9}},"type":"if","locations":[{"start":{"line":124,"column":8},"end":{"line":126,"column":9}},{"start":{"line":124,"column":8},"end":{"line":126,"column":9}}],"line":124},"23":{"loc":{"start":{"line":129,"column":8},"end":{"line":131,"column":9}},"type":"if","locations":[{"start":{"line":129,"column":8},"end":{"line":131,"column":9}},{"start":{"line":129,"column":8},"end":{"line":131,"column":9}}],"line":129},"24":{"loc":{"start":{"line":142,"column":8},"end":{"line":144,"column":9}},"type":"if","locations":[{"start":{"line":142,"column":8},"end":{"line":144,"column":9}},{"start":{"line":142,"column":8},"end":{"line":144,"column":9}}],"line":142}},"s":{"0":2,"1":2,"2":2,"3":2,"4":2,"5":2,"6":2,"7":2,"8":2,"9":0,"10":0,"11":35,"12":10,"13":41,"14":0,"15":41,"16":6,"17":35,"18":10,"19":25,"20":15,"21":2,"22":13,"23":16,"24":2,"25":14,"26":16,"27":2,"28":14,"29":17,"30":3,"31":14,"32":2,"33":12,"34":5,"35":7,"36":10,"37":4,"38":6,"39":19,"40":2,"41":17,"42":6,"43":11,"44":11,"45":1,"46":10,"47":10,"48":1,"49":9,"50":3,"51":6,"52":3,"53":3,"54":10,"55":2,"56":8,"57":8,"58":4,"59":4,"60":11,"61":4,"62":7},"f":{"0":0,"1":35,"2":10,"3":41,"4":15,"5":16,"6":16,"7":17,"8":10,"9":19,"10":10,"11":11},"b":{"0":[0,41],"1":[6,35],"2":[10,25],"3":[2,13],"4":[2,14],"5":[2,14],"6":[3,14],"7":[17,15],"8":[2,12],"9":[14,12],"10":[5,7],"11":[12,10],"12":[4,6],"13":[10,8],"14":[2,17],"15":[6,11],"16":[17,13,11],"17":[1,10],"18":[1,9],"19":[10,10,9],"20":[3,6],"21":[3,3],"22":[2,8],"23":[4,4],"24":[4,7]},"_coverageSchema":"1a1c01bbd47fc00a2c39e90264f33305004495a9","hash":"a6c6db7b44474ff52e7dac7ca56b1b4ad79992f5"}
,"C:\\Users\\livvy\\OneDrive\\Desktop\\Learning\\2020 Sem2\\SENG302\\team-500\\client\\src\\services\\auth.service.ts": {"path":"C:\\Users\\livvy\\OneDrive\\Desktop\\Learning\\2020 Sem2\\SENG302\\team-500\\client\\src\\services\\auth.service.ts","statementMap":{"0":{"start":{"line":7,"column":20},"end":{"line":7,"column":69}},"1":{"start":{"line":8,"column":2},"end":{"line":10,"column":3}},"2":{"start":{"line":9,"column":4},"end":{"line":9,"column":16}},"3":{"start":{"line":11,"column":2},"end":{"line":11,"column":19}},"4":{"start":{"line":18,"column":2},"end":{"line":18,"column":39}},"5":{"start":{"line":25,"column":14},"end":{"line":25,"column":72}},"6":{"start":{"line":26,"column":2},"end":{"line":26,"column":34}},"7":{"start":{"line":33,"column":2},"end":{"line":33,"column":35}},"8":{"start":{"line":34,"column":2},"end":{"line":34,"column":36}},"9":{"start":{"line":35,"column":2},"end":{"line":35,"column":45}},"10":{"start":{"line":54,"column":22},"end":{"line":54,"column":27}},"11":{"start":{"line":56,"column":2},"end":{"line":59,"column":3}},"12":{"start":{"line":57,"column":4},"end":{"line":57,"column":20}},"13":{"start":{"line":58,"column":4},"end":{"line":58,"column":17}},"14":{"start":{"line":62,"column":2},"end":{"line":70,"column":3}},"15":{"start":{"line":63,"column":4},"end":{"line":63,"column":39}},"16":{"start":{"line":64,"column":4},"end":{"line":64,"column":58}},"17":{"start":{"line":66,"column":4},"end":{"line":69,"column":5}},"18":{"start":{"line":67,"column":6},"end":{"line":67,"column":22}},"19":{"start":{"line":68,"column":6},"end":{"line":68,"column":14}},"20":{"start":{"line":72,"column":2},"end":{"line":74,"column":3}},"21":{"start":{"line":73,"column":4},"end":{"line":73,"column":20}},"22":{"start":{"line":75,"column":2},"end":{"line":75,"column":23}},"23":{"start":{"line":87,"column":12},"end":{"line":87,"column":61}},"24":{"start":{"line":88,"column":36},"end":{"line":88,"column":44}},"25":{"start":{"line":89,"column":2},"end":{"line":89,"column":52}},"26":{"start":{"line":90,"column":2},"end":{"line":90,"column":73}},"27":{"start":{"line":91,"column":2},"end":{"line":91,"column":58}},"28":{"start":{"line":92,"column":2},"end":{"line":92,"column":14}},"29":{"start":{"line":99,"column":2},"end":{"line":99,"column":36}},"30":{"start":{"line":100,"column":2},"end":{"line":100,"column":18}}},"fnMap":{"0":{"name":"getMyUserId","decl":{"start":{"line":6,"column":16},"end":{"line":6,"column":27}},"loc":{"start":{"line":6,"column":45},"end":{"line":12,"column":1}},"line":6},"1":{"name":"getMyToken","decl":{"start":{"line":17,"column":16},"end":{"line":17,"column":26}},"loc":{"start":{"line":17,"column":44},"end":{"line":19,"column":1}},"line":17},"2":{"name":"getMyPermissionLevel","decl":{"start":{"line":24,"column":16},"end":{"line":24,"column":36}},"loc":{"start":{"line":24,"column":47},"end":{"line":27,"column":1}},"line":24},"3":{"name":"clearAuthInfo","decl":{"start":{"line":32,"column":9},"end":{"line":32,"column":22}},"loc":{"start":{"line":32,"column":25},"end":{"line":36,"column":1}},"line":32},"4":{"name":"verifyUserId","decl":{"start":{"line":53,"column":22},"end":{"line":53,"column":34}},"loc":{"start":{"line":53,"column":37},"end":{"line":76,"column":1}},"line":53},"5":{"name":"login","decl":{"start":{"line":86,"column":22},"end":{"line":86,"column":27}},"loc":{"start":{"line":86,"column":79},"end":{"line":93,"column":1}},"line":86},"6":{"name":"logout","decl":{"start":{"line":98,"column":22},"end":{"line":98,"column":28}},"loc":{"start":{"line":98,"column":31},"end":{"line":101,"column":1}},"line":98}},"branchMap":{"0":{"loc":{"start":{"line":7,"column":29},"end":{"line":7,"column":68}},"type":"binary-expr","locations":[{"start":{"line":7,"column":29},"end":{"line":7,"column":59}},{"start":{"line":7,"column":63},"end":{"line":7,"column":68}}],"line":7},"1":{"loc":{"start":{"line":8,"column":2},"end":{"line":10,"column":3}},"type":"if","locations":[{"start":{"line":8,"column":2},"end":{"line":10,"column":3}},{"start":{"line":8,"column":2},"end":{"line":10,"column":3}}],"line":8},"2":{"loc":{"start":{"line":25,"column":23},"end":{"line":25,"column":71}},"type":"binary-expr","locations":[{"start":{"line":25,"column":23},"end":{"line":25,"column":62}},{"start":{"line":25,"column":66},"end":{"line":25,"column":71}}],"line":25},"3":{"loc":{"start":{"line":26,"column":9},"end":{"line":26,"column":33}},"type":"cond-expr","locations":[{"start":{"line":26,"column":24},"end":{"line":26,"column":25}},{"start":{"line":26,"column":28},"end":{"line":26,"column":33}}],"line":26},"4":{"loc":{"start":{"line":56,"column":2},"end":{"line":59,"column":3}},"type":"if","locations":[{"start":{"line":56,"column":2},"end":{"line":59,"column":3}},{"start":{"line":56,"column":2},"end":{"line":59,"column":3}}],"line":56},"5":{"loc":{"start":{"line":66,"column":4},"end":{"line":69,"column":5}},"type":"if","locations":[{"start":{"line":66,"column":4},"end":{"line":69,"column":5}},{"start":{"line":66,"column":4},"end":{"line":69,"column":5}}],"line":66},"6":{"loc":{"start":{"line":72,"column":2},"end":{"line":74,"column":3}},"type":"if","locations":[{"start":{"line":72,"column":2},"end":{"line":74,"column":3}},{"start":{"line":72,"column":2},"end":{"line":74,"column":3}}],"line":72}},"s":{"0":0,"1":0,"2":0,"3":0,"4":0,"5":0,"6":0,"7":0,"8":0,"9":0,"10":0,"11":0,"12":0,"13":0,"14":0,"15":0,"16":0,"17":0,"18":0,"19":0,"20":0,"21":0,"22":0,"23":0,"24":0,"25":0,"26":0,"27":0,"28":0,"29":0,"30":0},"f":{"0":0,"1":0,"2":0,"3":0,"4":0,"5":0,"6":0},"b":{"0":[0,0],"1":[0,0],"2":[0,0],"3":[0,0],"4":[0,0],"5":[0,0],"6":[0,0]},"_coverageSchema":"1a1c01bbd47fc00a2c39e90264f33305004495a9","hash":"fb10e97650c4a57b593f8fb2acb55052983ccd05"}
,"C:\\Users\\livvy\\OneDrive\\Desktop\\Learning\\2020 Sem2\\SENG302\\team-500\\client\\src\\services\\axios.service.ts": {"path":"C:\\Users\\livvy\\OneDrive\\Desktop\\Learning\\2020 Sem2\\SENG302\\team-500\\client\\src\\services\\axios.service.ts","statementMap":{"0":{"start":{"line":4,"column":19},"end":{"line":4,"column":49}},"1":{"start":{"line":6,"column":17},"end":{"line":9,"column":2}},"2":{"start":{"line":12,"column":35},"end":{"line":15,"column":1}},"3":{"start":{"line":22,"column":0},"end":{"line":30,"column":3}},"4":{"start":{"line":23,"column":16},"end":{"line":23,"column":33}},"5":{"start":{"line":24,"column":2},"end":{"line":26,"column":3}},"6":{"start":{"line":25,"column":6},"end":{"line":25,"column":20}},"7":{"start":{"line":28,"column":2},"end":{"line":28,"column":41}},"8":{"start":{"line":29,"column":2},"end":{"line":29,"column":16}},"9":{"start":{"line":38,"column":0},"end":{"line":50,"column":2}},"10":{"start":{"line":40,"column":4},"end":{"line":40,"column":20}},"11":{"start":{"line":43,"column":4},"end":{"line":45,"column":5}},"12":{"start":{"line":44,"column":6},"end":{"line":44,"column":26}},"13":{"start":{"line":46,"column":4},"end":{"line":46,"column":25}},"14":{"start":{"line":47,"column":4},"end":{"line":47,"column":47}},"15":{"start":{"line":48,"column":4},"end":{"line":48,"column":33}},"16":{"start":{"line":58,"column":2},"end":{"line":66,"column":3}},"17":{"start":{"line":60,"column":4},"end":{"line":60,"column":33}},"18":{"start":{"line":61,"column":9},"end":{"line":66,"column":3}},"19":{"start":{"line":62,"column":4},"end":{"line":62,"column":40}},"20":{"start":{"line":65,"column":4},"end":{"line":65,"column":57}}},"fnMap":{"0":{"name":"(anonymous_0)","decl":{"start":{"line":22,"column":34},"end":{"line":22,"column":35}},"loc":{"start":{"line":22,"column":51},"end":{"line":30,"column":1}},"line":22},"1":{"name":"(anonymous_1)","decl":{"start":{"line":39,"column":2},"end":{"line":39,"column":3}},"loc":{"start":{"line":39,"column":21},"end":{"line":41,"column":3}},"line":39},"2":{"name":"(anonymous_2)","decl":{"start":{"line":42,"column":2},"end":{"line":42,"column":3}},"loc":{"start":{"line":42,"column":18},"end":{"line":49,"column":3}},"line":42},"3":{"name":"axiosErrorToMessage","decl":{"start":{"line":57,"column":9},"end":{"line":57,"column":28}},"loc":{"start":{"line":57,"column":37},"end":{"line":67,"column":1}},"line":57}},"branchMap":{"0":{"loc":{"start":{"line":24,"column":2},"end":{"line":26,"column":3}},"type":"if","locations":[{"start":{"line":24,"column":2},"end":{"line":26,"column":3}},{"start":{"line":24,"column":2},"end":{"line":26,"column":3}}],"line":24},"1":{"loc":{"start":{"line":24,"column":6},"end":{"line":24,"column":76}},"type":"binary-expr","locations":[{"start":{"line":24,"column":6},"end":{"line":24,"column":16}},{"start":{"line":24,"column":20},"end":{"line":24,"column":76}}],"line":24},"2":{"loc":{"start":{"line":43,"column":4},"end":{"line":45,"column":5}},"type":"if","locations":[{"start":{"line":43,"column":4},"end":{"line":45,"column":5}},{"start":{"line":43,"column":4},"end":{"line":45,"column":5}}],"line":43},"3":{"loc":{"start":{"line":43,"column":8},"end":{"line":43,"column":55}},"type":"binary-expr","locations":[{"start":{"line":43,"column":8},"end":{"line":43,"column":22}},{"start":{"line":43,"column":26},"end":{"line":43,"column":55}}],"line":43},"4":{"loc":{"start":{"line":58,"column":2},"end":{"line":66,"column":3}},"type":"if","locations":[{"start":{"line":58,"column":2},"end":{"line":66,"column":3}},{"start":{"line":58,"column":2},"end":{"line":66,"column":3}}],"line":58},"5":{"loc":{"start":{"line":61,"column":9},"end":{"line":66,"column":3}},"type":"if","locations":[{"start":{"line":61,"column":9},"end":{"line":66,"column":3}},{"start":{"line":61,"column":9},"end":{"line":66,"column":3}}],"line":61}},"s":{"0":3,"1":3,"2":3,"3":3,"4":1,"5":1,"6":0,"7":1,"8":1,"9":3,"10":1,"11":0,"12":0,"13":0,"14":0,"15":0,"16":0,"17":0,"18":0,"19":0,"20":0},"f":{"0":1,"1":1,"2":0,"3":0},"b":{"0":[0,1],"1":[1,1],"2":[0,0],"3":[0,0],"4":[0,0],"5":[0,0]},"_coverageSchema":"1a1c01bbd47fc00a2c39e90264f33305004495a9","hash":"ad3e41ed5af551408fb04c9dff13f1f96c681de0"}
}
