TN:
SF:src\controllers\activity.controller.ts
FN:6,getAvailableActivityTypes
FN:24,validateNewActivity
FN:73,editActivity
FN:83,addActivityType
FN:101,removeActivityType
FN:125,setStartDate
FN:134,getDateFromISO
FN:144,getTimeFromISO
FN:155,setEndDate
FN:165,getApiDateTimeString
FN:194,validateActivityName
FN:206,validateDescription
FN:215,validateActivityType
FN:230,deleteActivity
FN:238,getActivitiesByCreator
FN:249,isFutureDate
FN:263,isValidDate
FN:283,getActivityById
FN:292,describeDurationTimeFrame
FN:306,hasTimeFrame
FN:315,isValidEndDate
FN:331,isValidTime
FN:345,getDurationActivities
FN:346,(anonymous_23)
FN:355,getContinuousActivities
FN:356,(anonymous_25)
FNF:26
FNH:18
FNDA:21,getAvailableActivityTypes
FNDA:0,validateNewActivity
FNDA:0,editActivity
FNDA:11,addActivityType
FNDA:6,removeActivityType
FNDA:3,setStartDate
FNDA:2,getDateFromISO
FNDA:0,getTimeFromISO
FNDA:3,setEndDate
FNDA:9,getApiDateTimeString
FNDA:7,validateActivityName
FNDA:10,validateDescription
FNDA:0,validateActivityType
FNDA:0,deleteActivity
FNDA:0,getActivitiesByCreator
FNDA:4,isFutureDate
FNDA:6,isValidDate
FNDA:0,getActivityById
FNDA:0,describeDurationTimeFrame
FNDA:3,hasTimeFrame
FNDA:4,isValidEndDate
FNDA:6,isValidTime
FNDA:1,getDurationActivities
FNDA:2,(anonymous_23)
FNDA:1,getContinuousActivities
FNDA:2,(anonymous_25)
DA:5,2
DA:7,21
DA:8,2
DA:10,21
DA:26,0
DA:27,0
DA:29,0
DA:30,0
DA:32,0
DA:33,0
DA:34,0
DA:36,0
DA:37,0
DA:39,0
DA:40,0
DA:42,0
DA:43,0
DA:45,0
DA:46,0
DA:48,0
DA:49,0
DA:51,0
DA:52,0
DA:54,0
DA:55,0
DA:57,0
DA:58,0
DA:60,0
DA:61,0
DA:63,0
DA:74,0
DA:84,11
DA:85,8
DA:87,11
DA:88,3
DA:90,8
DA:91,4
DA:93,4
DA:103,6
DA:104,3
DA:107,6
DA:108,3
DA:110,3
DA:111,3
DA:112,3
DA:126,3
DA:135,2
DA:136,2
DA:145,0
DA:146,0
DA:156,3
DA:166,9
DA:167,3
DA:169,9
DA:170,9
DA:171,9
DA:172,9
DA:173,9
DA:174,9
DA:175,9
DA:176,9
DA:178,9
DA:179,0
DA:181,9
DA:182,9
DA:183,9
DA:185,9
DA:188,2
DA:195,7
DA:196,0
DA:198,7
DA:199,3
DA:201,4
DA:205,2
DA:207,10
DA:208,4
DA:210,6
DA:214,2
DA:216,0
DA:217,0
DA:219,0
DA:231,0
DA:239,0
DA:242,2
DA:250,4
DA:251,4
DA:252,4
DA:253,2
DA:255,2
DA:264,6
DA:265,6
DA:266,4
DA:268,2
DA:269,2
DA:270,2
DA:271,0
DA:273,2
DA:284,0
DA:293,0
DA:294,0
DA:295,0
DA:298,0
DA:301,2
DA:307,3
DA:308,1
DA:310,2
DA:314,2
DA:317,4
DA:318,4
DA:319,4
DA:320,2
DA:322,2
DA:326,2
DA:332,6
DA:333,6
DA:334,3
DA:336,3
DA:346,2
DA:347,1
DA:356,2
DA:357,1
LF:121
LH:79
BRDA:6,0,0,21
BRDA:7,1,0,2
BRDA:7,1,1,19
BRDA:7,2,0,21
BRDA:7,2,1,19
BRDA:26,3,0,0
BRDA:26,3,1,0
BRDA:29,4,0,0
BRDA:29,4,1,0
BRDA:32,5,0,0
BRDA:32,5,1,0
BRDA:33,6,0,0
BRDA:33,6,1,0
BRDA:33,7,0,0
BRDA:33,7,1,0
BRDA:36,8,0,0
BRDA:36,8,1,0
BRDA:36,9,0,0
BRDA:36,9,1,0
BRDA:39,10,0,0
BRDA:39,10,1,0
BRDA:39,11,0,0
BRDA:39,11,1,0
BRDA:42,12,0,0
BRDA:42,12,1,0
BRDA:45,13,0,0
BRDA:45,13,1,0
BRDA:45,14,0,0
BRDA:45,14,1,0
BRDA:51,15,0,0
BRDA:51,15,1,0
BRDA:54,16,0,0
BRDA:54,16,1,0
BRDA:57,17,0,0
BRDA:57,17,1,0
BRDA:57,18,0,0
BRDA:57,18,1,0
BRDA:60,19,0,0
BRDA:60,19,1,0
BRDA:60,20,0,0
BRDA:60,20,1,0
BRDA:84,21,0,8
BRDA:84,21,1,3
BRDA:87,22,0,3
BRDA:87,22,1,8
BRDA:90,23,0,4
BRDA:90,23,1,4
BRDA:103,24,0,3
BRDA:103,24,1,3
BRDA:107,25,0,3
BRDA:107,25,1,3
BRDA:111,26,0,3
BRDA:111,26,1,0
BRDA:166,27,0,3
BRDA:166,27,1,6
BRDA:166,28,0,9
BRDA:166,28,1,6
BRDA:175,29,0,9
BRDA:175,29,1,0
BRDA:178,30,0,0
BRDA:178,30,1,9
BRDA:182,31,0,9
BRDA:182,31,1,0
BRDA:195,32,0,0
BRDA:195,32,1,7
BRDA:198,33,0,3
BRDA:198,33,1,4
BRDA:198,34,0,7
BRDA:198,34,1,5
BRDA:207,35,0,4
BRDA:207,35,1,6
BRDA:207,36,0,10
BRDA:207,36,1,9
BRDA:216,37,0,0
BRDA:216,37,1,0
BRDA:252,38,0,2
BRDA:252,38,1,2
BRDA:265,39,0,4
BRDA:265,39,1,2
BRDA:270,40,0,0
BRDA:270,40,1,2
BRDA:270,41,0,2
BRDA:270,41,1,0
BRDA:307,42,0,1
BRDA:307,42,1,2
BRDA:319,43,0,2
BRDA:319,43,1,2
BRDA:333,44,0,3
BRDA:333,44,1,3
BRF:89
BRH:44
end_of_record
TN:
SF:src\controllers\login.controller.ts
FN:8,submitForm
FNF:1
FNH:1
FNDA:1,submitForm
DA:9,1
LF:1
LH:1
BRF:0
BRH:0
end_of_record
TN:
SF:src\controllers\profile.controller.ts
FN:12,logoutCurrentUser
FN:23,getAvailablePassportCountries
FN:26,(anonymous_2)
FN:38,checkCountryValidity
FN:61,addPassportCountry
FN:81,deletePassportCountry
FN:100,addActivityType
FN:120,deleteActivityType
FN:142,fetchCurrentUser
FN:156,fetchProfileWithId
FN:160,getPermissionLevel
FN:165,updatePassword
FN:183,updateUserEmails
FN:213,addAndSaveActivityType
FN:230,removeAndSaveActivityType
FN:252,persistChangesToProfile
FN:287,checkProfileValidity
FNF:17
FNH:11
FNDA:0,logoutCurrentUser
FNDA:7,getAvailablePassportCountries
FNDA:2,(anonymous_2)
FNDA:1,checkCountryValidity
FNDA:7,addPassportCountry
FNDA:6,deletePassportCountry
FNDA:13,addActivityType
FNDA:6,deleteActivityType
FNDA:0,fetchCurrentUser
FNDA:0,fetchProfileWithId
FNDA:0,getPermissionLevel
FNDA:4,updatePassword
FNDA:0,updateUserEmails
FNDA:1,addAndSaveActivityType
FNDA:4,removeAndSaveActivityType
FNDA:1,persistChangesToProfile
FNDA:0,checkProfileValidity
DA:10,1
DA:13,0
DA:14,0
DA:24,7
DA:25,1
DA:26,2
DA:28,7
DA:39,1
DA:40,0
DA:42,1
DA:43,1
DA:44,0
DA:45,0
DA:46,0
DA:51,0
DA:62,7
DA:63,3
DA:65,7
DA:66,1
DA:68,6
DA:69,2
DA:72,4
DA:83,6
DA:84,0
DA:87,6
DA:88,3
DA:91,3
DA:101,13
DA:102,5
DA:104,13
DA:105,1
DA:107,12
DA:108,4
DA:111,8
DA:122,6
DA:123,0
DA:126,6
DA:127,3
DA:130,3
DA:136,1
DA:143,0
DA:144,0
DA:145,0
DA:146,0
DA:149,0
DA:157,0
DA:161,0
DA:166,4
DA:167,1
DA:169,3
DA:170,1
DA:172,2
DA:184,0
DA:185,0
DA:186,0
DA:187,0
DA:188,0
DA:191,0
DA:192,0
DA:194,0
DA:195,0
DA:196,0
DA:197,0
DA:198,0
DA:202,0
DA:203,0
DA:206,0
DA:214,1
DA:215,1
DA:216,0
DA:218,1
DA:219,0
DA:221,1
DA:223,1
DA:231,4
DA:232,4
DA:233,0
DA:235,4
DA:236,2
DA:239,2
DA:240,2
DA:241,1
DA:243,1
DA:245,1
DA:253,1
DA:254,1
DA:255,1
DA:256,1
DA:258,1
DA:259,1
DA:261,0
DA:263,1
DA:264,0
DA:266,0
DA:267,0
DA:268,0
DA:271,0
DA:272,0
DA:273,0
DA:275,0
DA:276,0
DA:278,0
DA:289,0
LF:103
LH:57
BRDA:23,0,0,7
BRDA:24,1,0,1
BRDA:24,1,1,6
BRDA:24,2,0,7
BRDA:24,2,1,6
BRDA:38,3,0,1
BRDA:39,4,0,0
BRDA:39,4,1,1
BRDA:42,5,0,1
BRDA:42,5,1,0
BRDA:42,6,0,1
BRDA:42,6,1,0
BRDA:45,7,0,0
BRDA:45,7,1,0
BRDA:45,8,0,0
BRDA:45,8,1,0
BRDA:45,8,2,0
BRDA:45,8,3,0
BRDA:62,9,0,3
BRDA:62,9,1,4
BRDA:65,10,0,1
BRDA:65,10,1,6
BRDA:68,11,0,2
BRDA:68,11,1,4
BRDA:83,12,0,0
BRDA:83,12,1,6
BRDA:87,13,0,3
BRDA:87,13,1,3
BRDA:101,14,0,5
BRDA:101,14,1,8
BRDA:104,15,0,1
BRDA:104,15,1,12
BRDA:107,16,0,4
BRDA:107,16,1,8
BRDA:122,17,0,0
BRDA:122,17,1,6
BRDA:126,18,0,3
BRDA:126,18,1,3
BRDA:142,19,0,0
BRDA:143,20,0,0
BRDA:143,20,1,0
BRDA:143,21,0,0
BRDA:143,21,1,0
BRDA:145,22,0,0
BRDA:145,22,1,0
BRDA:166,23,0,1
BRDA:166,23,1,3
BRDA:169,24,0,1
BRDA:169,24,1,2
BRDA:187,25,0,0
BRDA:187,25,1,0
BRDA:191,26,0,0
BRDA:191,26,1,0
BRDA:191,27,0,0
BRDA:191,27,1,0
BRDA:197,28,0,0
BRDA:197,28,1,0
BRDA:197,29,0,0
BRDA:197,29,1,0
BRDA:202,30,0,0
BRDA:202,30,1,0
BRDA:215,31,0,0
BRDA:215,31,1,1
BRDA:218,32,0,0
BRDA:218,32,1,1
BRDA:232,33,0,0
BRDA:232,33,1,4
BRDA:235,34,0,2
BRDA:235,34,1,2
BRDA:235,35,0,4
BRDA:235,35,1,3
BRDA:240,36,0,1
BRDA:240,36,1,1
BRDA:253,37,0,1
BRDA:253,37,1,0
BRDA:258,38,0,1
BRDA:258,38,1,0
BRDA:263,39,0,0
BRDA:263,39,1,0
BRDA:266,40,0,0
BRDA:266,40,1,0
BRDA:266,41,0,0
BRDA:266,41,1,0
BRDA:266,41,2,0
BRDA:271,42,0,0
BRDA:271,42,1,0
BRDA:272,43,0,0
BRDA:272,43,1,0
BRDA:289,44,0,0
BRDA:289,44,1,0
BRDA:289,44,2,0
BRDA:289,44,3,0
BRDA:289,44,4,0
BRDA:289,44,5,0
BRDA:289,44,6,0
BRF:95
BRH:42
end_of_record
TN:
SF:src\models\activity.model.ts
FN:9,createActivity
FN:23,editActivity
FN:33,loadAvailableActivityTypes
FN:42,getActivitiesByCreator
FN:53,getActivityById
FN:63,deleteActivityById
FNF:6
FNH:0
FNDA:0,createActivity
FNDA:0,editActivity
FNDA:0,loadAvailableActivityTypes
FNDA:0,getActivitiesByCreator
FNDA:0,getActivityById
FNDA:0,deleteActivityById
DA:13,0
DA:25,0
DA:34,0
DA:35,0
DA:43,0
DA:44,0
DA:54,0
DA:55,0
DA:64,0
LF:9
LH:0
BRF:0
BRH:0
end_of_record
TN:
SF:src\models\countries.model.ts
FN:3,loadPassportCountries
FNF:1
FNH:0
FNDA:0,loadPassportCountries
DA:6,0
DA:7,0
DA:9,0
DA:11,0
DA:12,0
DA:13,0
DA:14,0
DA:15,0
DA:18,0
DA:19,0
DA:22,0
LF:11
LH:0
BRDA:9,0,0,0
BRDA:9,0,1,0
BRDA:13,1,0,0
BRDA:13,1,1,0
BRF:4
BRH:0
end_of_record
TN:
SF:src\models\location.model.ts
FN:3,checkCountryExistence
FNF:1
FNH:1
FNDA:1,checkCountryExistence
DA:5,1
DA:6,0
LF:2
LH:1
BRF:0
BRH:0
end_of_record
TN:
SF:src\models\user.model.ts
FN:11,getCurrentUser
FN:20,getProfileById
FN:31,create
FN:55,saveUser
FN:75,updateActivityTypes
FN:91,updateEmailList
FN:110,updateEmails
FN:125,saveActivityTypes
FN:140,updateCurrentPassword
FNF:9
FNH:0
FNDA:0,getCurrentUser
FNDA:0,getProfileById
FNDA:0,create
FNDA:0,saveUser
FNDA:0,updateActivityTypes
FNDA:0,updateEmailList
FNDA:0,updateEmails
FNDA:0,saveActivityTypes
FNDA:0,updateCurrentPassword
DA:12,0
DA:13,0
DA:21,0
DA:22,0
DA:32,0
DA:46,0
DA:47,0
DA:48,0
DA:56,0
DA:57,0
DA:61,0
DA:62,0
DA:63,0
DA:64,0
DA:67,0
DA:79,0
DA:80,0
DA:93,0
DA:94,0
DA:95,0
DA:96,0
DA:98,0
DA:100,0
DA:101,0
DA:115,0
DA:129,0
DA:130,0
DA:146,0
LF:28
LH:0
BRDA:56,0,0,0
BRDA:56,0,1,0
BRDA:63,1,0,0
BRDA:63,1,1,0
BRDA:95,2,0,0
BRDA:95,2,1,0
BRF:6
BRH:0
end_of_record
TN:
SF:src\scripts\FormValidator.ts
FN:13,(anonymous_0)
FN:20,(anonymous_1)
FN:24,(anonymous_2)
FN:28,(anonymous_3)
FN:44,(anonymous_4)
FN:52,(anonymous_5)
FN:61,(anonymous_6)
FN:69,(anonymous_7)
FN:85,(anonymous_8)
FN:93,(anonymous_9)
FN:123,(anonymous_10)
FN:141,(anonymous_11)
FNF:12
FNH:11
FNDA:0,(anonymous_0)
FNDA:34,(anonymous_1)
FNDA:10,(anonymous_2)
FNDA:40,(anonymous_3)
FNDA:14,(anonymous_4)
FNDA:16,(anonymous_5)
FNDA:16,(anonymous_6)
FNDA:17,(anonymous_7)
FNDA:10,(anonymous_8)
FNDA:19,(anonymous_9)
FNDA:10,(anonymous_10)
FNDA:11,(anonymous_11)
DA:3,2
DA:4,2
DA:5,2
DA:6,2
DA:7,2
DA:8,2
DA:9,2
DA:10,2
DA:11,2
DA:16,0
DA:17,0
DA:21,34
DA:25,10
DA:29,40
DA:30,0
DA:33,40
DA:34,6
DA:37,34
DA:38,9
DA:41,25
DA:45,14
DA:46,2
DA:48,12
DA:53,16
DA:54,2
DA:56,14
DA:62,16
DA:63,2
DA:65,14
DA:70,17
DA:71,3
DA:74,14
DA:75,2
DA:78,12
DA:79,5
DA:82,7
DA:86,10
DA:87,4
DA:90,6
DA:94,19
DA:95,2
DA:98,17
DA:99,6
DA:102,11
DA:103,11
DA:104,1
DA:107,10
DA:108,10
DA:109,1
DA:112,9
DA:113,3
DA:116,6
DA:117,3
DA:120,3
DA:124,10
DA:125,2
DA:128,8
DA:129,8
DA:130,4
DA:133,4
DA:142,11
DA:143,4
DA:146,7
LF:63
LH:60
BRDA:29,0,0,0
BRDA:29,0,1,40
BRDA:33,1,0,6
BRDA:33,1,1,34
BRDA:37,2,0,9
BRDA:37,2,1,25
BRDA:45,3,0,2
BRDA:45,3,1,12
BRDA:53,4,0,2
BRDA:53,4,1,14
BRDA:62,5,0,2
BRDA:62,5,1,14
BRDA:70,6,0,3
BRDA:70,6,1,14
BRDA:70,7,0,17
BRDA:70,7,1,15
BRDA:74,8,0,2
BRDA:74,8,1,12
BRDA:74,9,0,14
BRDA:74,9,1,12
BRDA:78,10,0,5
BRDA:78,10,1,7
BRDA:78,11,0,12
BRDA:78,11,1,10
BRDA:86,12,0,4
BRDA:86,12,1,6
BRDA:86,13,0,10
BRDA:86,13,1,8
BRDA:94,14,0,2
BRDA:94,14,1,17
BRDA:98,15,0,6
BRDA:98,15,1,11
BRDA:98,16,0,17
BRDA:98,16,1,13
BRDA:98,16,2,11
BRDA:103,17,0,1
BRDA:103,17,1,10
BRDA:108,18,0,1
BRDA:108,18,1,9
BRDA:108,19,0,10
BRDA:108,19,1,10
BRDA:108,19,2,9
BRDA:112,20,0,3
BRDA:112,20,1,6
BRDA:116,21,0,3
BRDA:116,21,1,3
BRDA:124,22,0,2
BRDA:124,22,1,8
BRDA:129,23,0,4
BRDA:129,23,1,4
BRDA:142,24,0,4
BRDA:142,24,1,7
BRF:52
BRH:51
end_of_record
TN:
SF:src\services\auth.service.ts
FN:6,getMyUserId
FN:17,getMyToken
FN:24,getMyPermissionLevel
FN:32,clearAuthInfo
FN:53,verifyUserId
FN:86,login
FN:98,logout
FNF:7
FNH:1
FNDA:0,getMyUserId
FNDA:1,getMyToken
FNDA:0,getMyPermissionLevel
FNDA:0,clearAuthInfo
FNDA:0,verifyUserId
FNDA:0,login
FNDA:0,logout
DA:7,0
DA:8,0
DA:9,0
DA:11,0
DA:18,1
DA:25,0
DA:26,0
DA:33,0
DA:34,0
DA:35,0
DA:54,0
DA:56,0
DA:57,0
DA:58,0
DA:62,0
DA:63,0
DA:64,0
DA:66,0
DA:67,0
DA:68,0
DA:72,0
DA:73,0
DA:75,0
DA:87,0
DA:88,0
DA:89,0
DA:90,0
DA:91,0
DA:92,0
DA:99,0
DA:100,0
LF:31
LH:1
BRDA:7,0,0,0
BRDA:7,0,1,0
BRDA:8,1,0,0
BRDA:8,1,1,0
BRDA:25,2,0,0
BRDA:25,2,1,0
BRDA:26,3,0,0
BRDA:26,3,1,0
BRDA:56,4,0,0
BRDA:56,4,1,0
BRDA:66,5,0,0
BRDA:66,5,1,0
BRDA:72,6,0,0
BRDA:72,6,1,0
BRF:14
BRH:0
end_of_record
TN:
SF:src\services\axios.service.ts
FN:22,(anonymous_0)
FN:39,(anonymous_1)
FN:42,(anonymous_2)
FN:57,axiosErrorToMessage
FNF:4
FNH:3
FNDA:1,(anonymous_0)
FNDA:0,(anonymous_1)
FNDA:1,(anonymous_2)
FNDA:1,axiosErrorToMessage
DA:4,3
DA:6,3
DA:12,3
DA:22,3
DA:23,1
DA:24,0
DA:25,0
DA:28,0
DA:29,0
DA:38,3
DA:40,0
DA:43,1
DA:44,0
DA:46,1
DA:47,1
DA:48,1
DA:58,1
DA:60,0
DA:61,1
DA:62,0
DA:65,1
LF:21
LH:13
BRDA:24,0,0,0
BRDA:24,0,1,0
BRDA:24,1,0,0
BRDA:24,1,1,0
BRDA:43,2,0,0
BRDA:43,2,1,1
BRDA:43,3,0,1
BRDA:43,3,1,0
BRDA:58,4,0,0
BRDA:58,4,1,1
BRDA:61,5,0,0
BRDA:61,5,1,1
BRF:12
BRH:4
end_of_record
